<?xml version="1.0" encoding="UTF-8"?>
<coverage generated="1608753842185" clover="3.2.0">
  <project timestamp="1608753842185" name="All files">
    <metrics statements="371" coveredstatements="371" conditionals="150" coveredconditionals="150" methods="170" coveredmethods="170" elements="691" coveredelements="691" complexity="0" loc="371" ncloc="371" packages="21" files="22" classes="22"/>
    <package name="src">
      <metrics statements="2" coveredstatements="2" conditionals="0" coveredconditionals="0" methods="1" coveredmethods="1"/>
      <file name="app.js" path="/Users/luilucena/Documents/React-Project/frontend-test-master/src/app.js">
        <metrics statements="2" coveredstatements="2" conditionals="0" coveredconditionals="0" methods="1" coveredmethods="1"/>
        <line num="11" count="1" type="stmt"/>
        <line num="12" count="2" type="stmt"/>
      </file>
    </package>
    <package name="src.actions">
      <metrics statements="106" coveredstatements="106" conditionals="0" coveredconditionals="0" methods="48" coveredmethods="48"/>
      <file name="index.js" path="/Users/luilucena/Documents/React-Project/frontend-test-master/src/actions/index.js">
        <metrics statements="106" coveredstatements="106" conditionals="0" coveredconditionals="0" methods="48" coveredmethods="48"/>
        <line num="2" count="10" type="stmt"/>
        <line num="3" count="10" type="stmt"/>
        <line num="5" count="10" type="stmt"/>
        <line num="6" count="10" type="stmt"/>
        <line num="8" count="10" type="stmt"/>
        <line num="9" count="10" type="stmt"/>
        <line num="11" count="10" type="stmt"/>
        <line num="12" count="10" type="stmt"/>
        <line num="13" count="10" type="stmt"/>
        <line num="14" count="10" type="stmt"/>
        <line num="15" count="10" type="stmt"/>
        <line num="18" count="10" type="stmt"/>
        <line num="19" count="10" type="stmt"/>
        <line num="20" count="10" type="stmt"/>
        <line num="21" count="10" type="stmt"/>
        <line num="22" count="10" type="stmt"/>
        <line num="23" count="10" type="stmt"/>
        <line num="26" count="10" type="stmt"/>
        <line num="27" count="10" type="stmt"/>
        <line num="28" count="10" type="stmt"/>
        <line num="29" count="10" type="stmt"/>
        <line num="30" count="10" type="stmt"/>
        <line num="33" count="10" type="stmt"/>
        <line num="35" count="13" type="stmt"/>
        <line num="37" count="10" type="stmt"/>
        <line num="39" count="10" type="stmt"/>
        <line num="41" count="10" type="stmt"/>
        <line num="43" count="13" type="stmt"/>
        <line num="45" count="10" type="stmt"/>
        <line num="47" count="10" type="stmt"/>
        <line num="49" count="10" type="stmt"/>
        <line num="51" count="21" type="stmt"/>
        <line num="53" count="10" type="stmt"/>
        <line num="57" count="10" type="stmt"/>
        <line num="59" count="10" type="stmt"/>
        <line num="61" count="10" type="stmt"/>
        <line num="63" count="10" type="stmt"/>
        <line num="65" count="10" type="stmt"/>
        <line num="67" count="10" type="stmt"/>
        <line num="68" count="2" type="stmt"/>
        <line num="69" count="2" type="stmt"/>
        <line num="75" count="3" type="stmt"/>
        <line num="76" count="2" type="stmt"/>
        <line num="77" count="2" type="stmt"/>
        <line num="78" count="2" type="stmt"/>
        <line num="80" count="1" type="stmt"/>
        <line num="82" count="1" type="stmt"/>
        <line num="83" count="1" type="stmt"/>
        <line num="87" count="1" type="stmt"/>
        <line num="88" count="1" type="stmt"/>
        <line num="94" count="4" type="stmt"/>
        <line num="95" count="2" type="stmt"/>
        <line num="96" count="2" type="stmt"/>
        <line num="97" count="2" type="stmt"/>
        <line num="98" count="2" type="stmt"/>
        <line num="103" count="1" type="stmt"/>
        <line num="105" count="1" type="stmt"/>
        <line num="106" count="1" type="stmt"/>
        <line num="109" count="1" type="stmt"/>
        <line num="110" count="1" type="stmt"/>
        <line num="111" count="1" type="stmt"/>
        <line num="117" count="4" type="stmt"/>
        <line num="118" count="2" type="stmt"/>
        <line num="119" count="2" type="stmt"/>
        <line num="120" count="2" type="stmt"/>
        <line num="121" count="2" type="stmt"/>
        <line num="126" count="1" type="stmt"/>
        <line num="128" count="1" type="stmt"/>
        <line num="129" count="1" type="stmt"/>
        <line num="132" count="1" type="stmt"/>
        <line num="133" count="1" type="stmt"/>
        <line num="134" count="1" type="stmt"/>
        <line num="141" count="3" type="stmt"/>
        <line num="142" count="2" type="stmt"/>
        <line num="143" count="2" type="stmt"/>
        <line num="144" count="2" type="stmt"/>
        <line num="145" count="2" type="stmt"/>
        <line num="150" count="1" type="stmt"/>
        <line num="152" count="1" type="stmt"/>
        <line num="153" count="1" type="stmt"/>
        <line num="154" count="1" type="stmt"/>
        <line num="155" count="1" type="stmt"/>
        <line num="158" count="1" type="stmt"/>
        <line num="159" count="1" type="stmt"/>
        <line num="160" count="1" type="stmt"/>
        <line num="166" count="4" type="stmt"/>
        <line num="167" count="2" type="stmt"/>
        <line num="168" count="2" type="stmt"/>
        <line num="169" count="2" type="stmt"/>
        <line num="174" count="1" type="stmt"/>
        <line num="176" count="1" type="stmt"/>
        <line num="177" count="1" type="stmt"/>
        <line num="178" count="1" type="stmt"/>
        <line num="179" count="1" type="stmt"/>
        <line num="180" count="1" type="stmt"/>
        <line num="184" count="1" type="stmt"/>
        <line num="185" count="1" type="stmt"/>
        <line num="191" count="3" type="stmt"/>
        <line num="192" count="2" type="stmt"/>
        <line num="193" count="2" type="stmt"/>
        <line num="194" count="2" type="stmt"/>
        <line num="196" count="1" type="stmt"/>
        <line num="198" count="1" type="stmt"/>
        <line num="199" count="1" type="stmt"/>
        <line num="203" count="1" type="stmt"/>
        <line num="204" count="1" type="stmt"/>
      </file>
    </package>
    <package name="src.components.CountersList">
      <metrics statements="19" coveredstatements="19" conditionals="12" coveredconditionals="12" methods="9" coveredmethods="9"/>
      <file name="index.js" path="/Users/luilucena/Documents/React-Project/frontend-test-master/src/components/CountersList/index.js">
        <metrics statements="19" coveredstatements="19" conditionals="12" coveredconditionals="12" methods="9" coveredmethods="9"/>
        <line num="12" count="8" type="stmt"/>
        <line num="13" count="26" type="stmt"/>
        <line num="14" count="39" type="stmt"/>
        <line num="23" count="26" type="cond" truecount="2" falsecount="0"/>
        <line num="25" count="26" type="cond" truecount="4" falsecount="0"/>
        <line num="26" count="2" type="stmt"/>
        <line num="29" count="26" type="stmt"/>
        <line num="31" count="26" type="stmt"/>
        <line num="33" count="26" type="stmt"/>
        <line num="35" count="26" type="stmt"/>
        <line num="37" count="26" type="stmt"/>
        <line num="39" count="26" type="stmt"/>
        <line num="41" count="26" type="cond" truecount="2" falsecount="0"/>
        <line num="42" count="2" type="stmt"/>
        <line num="43" count="24" type="cond" truecount="2" falsecount="0"/>
        <line num="44" count="6" type="stmt"/>
        <line num="45" count="18" type="cond" truecount="2" falsecount="0"/>
        <line num="46" count="4" type="stmt"/>
        <line num="48" count="14" type="stmt"/>
      </file>
    </package>
    <package name="src.components.CountersList.EmptyList">
      <metrics statements="2" coveredstatements="2" conditionals="0" coveredconditionals="0" methods="1" coveredmethods="1"/>
      <file name="index.js" path="/Users/luilucena/Documents/React-Project/frontend-test-master/src/components/CountersList/EmptyList/index.js">
        <metrics statements="2" coveredstatements="2" conditionals="0" coveredconditionals="0" methods="1" coveredmethods="1"/>
        <line num="3" count="9" type="stmt"/>
        <line num="4" count="5" type="stmt"/>
      </file>
    </package>
    <package name="src.components.CountersList.ErrorScreen">
      <metrics statements="4" coveredstatements="4" conditionals="0" coveredconditionals="0" methods="2" coveredmethods="2"/>
      <file name="index.js" path="/Users/luilucena/Documents/React-Project/frontend-test-master/src/components/CountersList/ErrorScreen/index.js">
        <metrics statements="4" coveredstatements="4" conditionals="0" coveredconditionals="0" methods="2" coveredmethods="2"/>
        <line num="4" count="9" type="stmt"/>
        <line num="5" count="7" type="stmt"/>
        <line num="6" count="7" type="stmt"/>
        <line num="10" count="3" type="stmt"/>
      </file>
    </package>
    <package name="src.components.CountersList.FullList">
      <metrics statements="24" coveredstatements="24" conditionals="12" coveredconditionals="12" methods="9" coveredmethods="9"/>
      <file name="index.js" path="/Users/luilucena/Documents/React-Project/frontend-test-master/src/components/CountersList/FullList/index.js">
        <metrics statements="24" coveredstatements="24" conditionals="12" coveredconditionals="12" methods="9" coveredmethods="9"/>
        <line num="7" count="9" type="stmt"/>
        <line num="11" count="18" type="stmt"/>
        <line num="12" count="18" type="cond" truecount="2" falsecount="0"/>
        <line num="14" count="18" type="stmt"/>
        <line num="15" count="11" type="stmt"/>
        <line num="16" count="11" type="stmt"/>
        <line num="20" count="18" type="stmt"/>
        <line num="21" count="7" type="stmt"/>
        <line num="22" count="7" type="stmt"/>
        <line num="23" count="7" type="stmt"/>
        <line num="24" count="7" type="cond" truecount="2" falsecount="0"/>
        <line num="25" count="4" type="stmt"/>
        <line num="28" count="7" type="cond" truecount="2" falsecount="0"/>
        <line num="29" count="3" type="stmt"/>
        <line num="33" count="18" type="stmt"/>
        <line num="34" count="18" type="cond" truecount="2" falsecount="0"/>
        <line num="35" count="3" type="stmt"/>
        <line num="37" count="15" type="stmt"/>
        <line num="40" count="18" type="stmt"/>
        <line num="41" count="18" type="cond" truecount="2" falsecount="0"/>
        <line num="42" count="15" type="stmt"/>
        <line num="45" count="15" type="stmt"/>
        <line num="54" count="3" type="stmt"/>
        <line num="57" count="18" type="stmt"/>
      </file>
    </package>
    <package name="src.components.CountersList.FullList.Item">
      <metrics statements="11" coveredstatements="11" conditionals="10" coveredconditionals="10" methods="7" coveredmethods="7"/>
      <file name="index.js" path="/Users/luilucena/Documents/React-Project/frontend-test-master/src/components/CountersList/FullList/Item/index.js">
        <metrics statements="11" coveredstatements="11" conditionals="10" coveredconditionals="10" methods="7" coveredmethods="7"/>
        <line num="7" count="10" type="stmt"/>
        <line num="8" count="22" type="stmt"/>
        <line num="10" count="22" type="stmt"/>
        <line num="11" count="4" type="cond" truecount="2" falsecount="0"/>
        <line num="12" count="3" type="stmt"/>
        <line num="16" count="22" type="stmt"/>
        <line num="17" count="4" type="cond" truecount="2" falsecount="0"/>
        <line num="18" count="3" type="stmt"/>
        <line num="21" count="22" type="stmt"/>
        <line num="22" count="10" type="stmt"/>
        <line num="25" count="22" type="stmt"/>
      </file>
    </package>
    <package name="src.components.CountersList.FullList.Summary">
      <metrics statements="22" coveredstatements="22" conditionals="18" coveredconditionals="18" methods="7" coveredmethods="7"/>
      <file name="index.js" path="/Users/luilucena/Documents/React-Project/frontend-test-master/src/components/CountersList/FullList/Summary/index.js">
        <metrics statements="22" coveredstatements="22" conditionals="18" coveredconditionals="18" methods="7" coveredmethods="7"/>
        <line num="6" count="10" type="stmt"/>
        <line num="7" count="29" type="stmt"/>
        <line num="9" count="29" type="stmt"/>
        <line num="10" count="29" type="stmt"/>
        <line num="12" count="29" type="stmt"/>
        <line num="13" count="17" type="cond" truecount="2" falsecount="0"/>
        <line num="14" count="2" type="stmt"/>
        <line num="15" count="5" type="stmt"/>
        <line num="17" count="2" type="stmt"/>
        <line num="19" count="15" type="stmt"/>
        <line num="23" count="29" type="stmt"/>
        <line num="24" count="5" type="cond" truecount="2" falsecount="0"/>
        <line num="28" count="29" type="stmt"/>
        <line num="29" count="3" type="cond" truecount="2" falsecount="0"/>
        <line num="30" count="2" type="stmt"/>
        <line num="34" count="29" type="stmt"/>
        <line num="35" count="25" type="stmt"/>
        <line num="43" count="29" type="cond" truecount="2" falsecount="0"/>
        <line num="44" count="4" type="stmt"/>
        <line num="46" count="25" type="cond" truecount="2" falsecount="0"/>
        <line num="47" count="24" type="stmt"/>
        <line num="55" count="1" type="stmt"/>
      </file>
    </package>
    <package name="src.components.CountersList.Loading">
      <metrics statements="9" coveredstatements="9" conditionals="2" coveredconditionals="2" methods="6" coveredmethods="6"/>
      <file name="index.js" path="/Users/luilucena/Documents/React-Project/frontend-test-master/src/components/CountersList/Loading/index.js">
        <metrics statements="9" coveredstatements="9" conditionals="2" coveredconditionals="2" methods="6" coveredmethods="6"/>
        <line num="5" count="9" type="stmt"/>
        <line num="6" count="5" type="stmt"/>
        <line num="7" count="5" type="stmt"/>
        <line num="8" count="2" type="stmt"/>
        <line num="9" count="2" type="stmt"/>
        <line num="11" count="2" type="stmt"/>
        <line num="14" count="5" type="stmt"/>
        <line num="15" count="2" type="stmt"/>
        <line num="17" count="5" type="stmt"/>
      </file>
    </package>
    <package name="src.components.DisableOverlay">
      <metrics statements="4" coveredstatements="4" conditionals="2" coveredconditionals="2" methods="1" coveredmethods="1"/>
      <file name="index.js" path="/Users/luilucena/Documents/React-Project/frontend-test-master/src/components/DisableOverlay/index.js">
        <metrics statements="4" coveredstatements="4" conditionals="2" coveredconditionals="2" methods="1" coveredmethods="1"/>
        <line num="3" count="9" type="stmt"/>
        <line num="4" count="40" type="cond" truecount="2" falsecount="0"/>
        <line num="5" count="5" type="stmt"/>
        <line num="7" count="35" type="stmt"/>
      </file>
    </package>
    <package name="src.components.Footer">
      <metrics statements="9" coveredstatements="9" conditionals="11" coveredconditionals="11" methods="7" coveredmethods="7"/>
      <file name="index.js" path="/Users/luilucena/Documents/React-Project/frontend-test-master/src/components/Footer/index.js">
        <metrics statements="9" coveredstatements="9" conditionals="11" coveredconditionals="11" methods="7" coveredmethods="7"/>
        <line num="11" count="8" type="stmt"/>
        <line num="12" count="22" type="stmt"/>
        <line num="13" count="33" type="stmt"/>
        <line num="15" count="15" type="cond" truecount="2" falsecount="0"/>
        <line num="20" count="22" type="stmt"/>
        <line num="22" count="22" type="stmt"/>
        <line num="24" count="22" type="stmt"/>
        <line num="26" count="22" type="stmt"/>
        <line num="28" count="22" type="stmt"/>
      </file>
    </package>
    <package name="src.components.Footer.Tooltip">
      <metrics statements="15" coveredstatements="15" conditionals="2" coveredconditionals="2" methods="7" coveredmethods="7"/>
      <file name="index.js" path="/Users/luilucena/Documents/React-Project/frontend-test-master/src/components/Footer/Tooltip/index.js">
        <metrics statements="15" coveredstatements="15" conditionals="2" coveredconditionals="2" methods="7" coveredmethods="7"/>
        <line num="4" count="9" type="stmt"/>
        <line num="5" count="7" type="stmt"/>
        <line num="6" count="7" type="stmt"/>
        <line num="8" count="7" type="stmt"/>
        <line num="9" count="5" type="stmt"/>
        <line num="10" count="5" type="stmt"/>
        <line num="13" count="7" type="stmt"/>
        <line num="14" count="3" type="stmt"/>
        <line num="15" count="3" type="cond" truecount="2" falsecount="0"/>
        <line num="16" count="2" type="stmt"/>
        <line num="20" count="7" type="stmt"/>
        <line num="21" count="2" type="stmt"/>
        <line num="22" count="2" type="stmt"/>
        <line num="23" count="2" type="stmt"/>
        <line num="26" count="7" type="stmt"/>
      </file>
    </package>
    <package name="src.components.Modals.AddCounterModal">
      <metrics statements="16" coveredstatements="16" conditionals="6" coveredconditionals="6" methods="9" coveredmethods="9"/>
      <file name="index.js" path="/Users/luilucena/Documents/React-Project/frontend-test-master/src/components/Modals/AddCounterModal/index.js">
        <metrics statements="16" coveredstatements="16" conditionals="6" coveredconditionals="6" methods="9" coveredmethods="9"/>
        <line num="8" count="8" type="stmt"/>
        <line num="9" count="22" type="stmt"/>
        <line num="10" count="33" type="stmt"/>
        <line num="16" count="22" type="stmt"/>
        <line num="17" count="2" type="cond" truecount="2" falsecount="0"/>
        <line num="18" count="1" type="stmt"/>
        <line num="19" count="1" type="stmt"/>
        <line num="23" count="22" type="stmt"/>
        <line num="25" count="22" type="stmt"/>
        <line num="27" count="22" type="stmt"/>
        <line num="29" count="22" type="stmt"/>
        <line num="30" count="22" type="stmt"/>
        <line num="34" count="1" type="stmt"/>
        <line num="42" count="22" type="stmt"/>
        <line num="43" count="22" type="stmt"/>
        <line num="53" count="22" type="stmt"/>
      </file>
    </package>
    <package name="src.components.Modals.AddCounterModal.InputText">
      <metrics statements="3" coveredstatements="3" conditionals="0" coveredconditionals="0" methods="2" coveredmethods="2"/>
      <file name="index.js" path="/Users/luilucena/Documents/React-Project/frontend-test-master/src/components/Modals/AddCounterModal/InputText/index.js">
        <metrics statements="3" coveredstatements="3" conditionals="0" coveredconditionals="0" methods="2" coveredmethods="2"/>
        <line num="4" count="8" type="stmt"/>
        <line num="6" count="9" type="stmt"/>
        <line num="11" count="1" type="stmt"/>
      </file>
    </package>
    <package name="src.components.Modals.DeleteConfirmationModal">
      <metrics statements="10" coveredstatements="10" conditionals="4" coveredconditionals="4" methods="7" coveredmethods="7"/>
      <file name="index.js" path="/Users/luilucena/Documents/React-Project/frontend-test-master/src/components/Modals/DeleteConfirmationModal/index.js">
        <metrics statements="10" coveredstatements="10" conditionals="4" coveredconditionals="4" methods="7" coveredmethods="7"/>
        <line num="5" count="8" type="stmt"/>
        <line num="6" count="10" type="stmt"/>
        <line num="7" count="15" type="stmt"/>
        <line num="8" count="3" type="stmt"/>
        <line num="12" count="10" type="stmt"/>
        <line num="14" count="10" type="stmt"/>
        <line num="16" count="10" type="stmt"/>
        <line num="17" count="10" type="stmt"/>
        <line num="26" count="1" type="stmt"/>
        <line num="33" count="10" type="stmt"/>
      </file>
    </package>
    <package name="src.components.Modals.ErrorModal">
      <metrics statements="29" coveredstatements="29" conditionals="17" coveredconditionals="17" methods="13" coveredmethods="13"/>
      <file name="index.js" path="/Users/luilucena/Documents/React-Project/frontend-test-master/src/components/Modals/ErrorModal/index.js">
        <metrics statements="29" coveredstatements="29" conditionals="17" coveredconditionals="17" methods="13" coveredmethods="13"/>
        <line num="9" count="8" type="stmt"/>
        <line num="10" count="22" type="stmt"/>
        <line num="11" count="33" type="stmt"/>
        <line num="12" count="24" type="cond" truecount="2" falsecount="0"/>
        <line num="17" count="22" type="stmt"/>
        <line num="19" count="22" type="stmt"/>
        <line num="21" count="22" type="stmt"/>
        <line num="23" count="22" type="stmt"/>
        <line num="25" count="22" type="stmt"/>
        <line num="26" count="22" type="cond" truecount="5" falsecount="0"/>
        <line num="28" count="4" type="stmt"/>
        <line num="30" count="4" type="stmt"/>
        <line num="32" count="4" type="stmt"/>
        <line num="34" count="4" type="stmt"/>
        <line num="36" count="6" type="stmt"/>
        <line num="40" count="22" type="stmt"/>
        <line num="42" count="22" type="cond" truecount="4" falsecount="0"/>
        <line num="44" count="4" type="stmt"/>
        <line num="45" count="4" type="stmt"/>
        <line num="47" count="4" type="stmt"/>
        <line num="48" count="4" type="stmt"/>
        <line num="50" count="4" type="stmt"/>
        <line num="51" count="4" type="stmt"/>
        <line num="53" count="10" type="stmt"/>
        <line num="55" count="22" type="stmt"/>
        <line num="58" count="3" type="stmt"/>
        <line num="69" count="22" type="stmt"/>
        <line num="70" count="22" type="stmt"/>
        <line num="78" count="22" type="stmt"/>
      </file>
    </package>
    <package name="src.components.Modals.NamesExamplesModal">
      <metrics statements="20" coveredstatements="20" conditionals="0" coveredconditionals="0" methods="11" coveredmethods="11"/>
      <file name="index.js" path="/Users/luilucena/Documents/React-Project/frontend-test-master/src/components/Modals/NamesExamplesModal/index.js">
        <metrics statements="20" coveredstatements="20" conditionals="0" coveredconditionals="0" methods="11" coveredmethods="11"/>
        <line num="8" count="8" type="stmt"/>
        <line num="9" count="5" type="stmt"/>
        <line num="10" count="10" type="stmt"/>
        <line num="11" count="5" type="stmt"/>
        <line num="17" count="5" type="stmt"/>
        <line num="18" count="1" type="stmt"/>
        <line num="19" count="1" type="stmt"/>
        <line num="22" count="5" type="stmt"/>
        <line num="24" count="5" type="stmt"/>
        <line num="25" count="5" type="stmt"/>
        <line num="33" count="5" type="stmt"/>
        <line num="34" count="15" type="stmt"/>
        <line num="40" count="45" type="stmt"/>
        <line num="48" count="5" type="stmt"/>
        <line num="49" count="45" type="stmt"/>
        <line num="51" count="1" type="stmt"/>
        <line num="56" count="5" type="stmt"/>
        <line num="57" count="5" type="stmt"/>
        <line num="60" count="15" type="stmt"/>
        <line num="64" count="5" type="stmt"/>
      </file>
    </package>
    <package name="src.components.SearchBar">
      <metrics statements="14" coveredstatements="14" conditionals="11" coveredconditionals="11" methods="6" coveredmethods="6"/>
      <file name="index.js" path="/Users/luilucena/Documents/React-Project/frontend-test-master/src/components/SearchBar/index.js">
        <metrics statements="14" coveredstatements="14" conditionals="11" coveredconditionals="11" methods="6" coveredmethods="6"/>
        <line num="7" count="8" type="stmt"/>
        <line num="8" count="22" type="stmt"/>
        <line num="9" count="33" type="stmt"/>
        <line num="14" count="22" type="stmt"/>
        <line num="15" count="3" type="stmt"/>
        <line num="18" count="22" type="stmt"/>
        <line num="19" count="2" type="cond" truecount="2" falsecount="0"/>
        <line num="20" count="1" type="stmt"/>
        <line num="24" count="22" type="stmt"/>
        <line num="25" count="1" type="stmt"/>
        <line num="26" count="1" type="stmt"/>
        <line num="29" count="22" type="stmt"/>
        <line num="30" count="1" type="stmt"/>
        <line num="33" count="22" type="stmt"/>
      </file>
    </package>
    <package name="src.pages">
      <metrics statements="7" coveredstatements="7" conditionals="0" coveredconditionals="0" methods="3" coveredmethods="3"/>
      <file name="MainScreen.js" path="/Users/luilucena/Documents/React-Project/frontend-test-master/src/pages/MainScreen.js">
        <metrics statements="5" coveredstatements="5" conditionals="0" coveredconditionals="0" methods="2" coveredmethods="2"/>
        <line num="12" count="8" type="stmt"/>
        <line num="13" count="1" type="stmt"/>
        <line num="14" count="1" type="stmt"/>
        <line num="15" count="1" type="stmt"/>
        <line num="18" count="1" type="stmt"/>
      </file>
      <file name="WelcomeScreen.js" path="/Users/luilucena/Documents/React-Project/frontend-test-master/src/pages/WelcomeScreen.js">
        <metrics statements="2" coveredstatements="2" conditionals="0" coveredconditionals="0" methods="1" coveredmethods="1"/>
        <line num="5" count="1" type="stmt"/>
        <line num="6" count="1" type="stmt"/>
      </file>
    </package>
    <package name="src.reducers">
      <metrics statements="45" coveredstatements="45" conditionals="43" coveredconditionals="43" methods="14" coveredmethods="14"/>
      <file name="index.js" path="/Users/luilucena/Documents/React-Project/frontend-test-master/src/reducers/index.js">
        <metrics statements="45" coveredstatements="45" conditionals="43" coveredconditionals="43" methods="14" coveredmethods="14"/>
        <line num="14" count="109" type="cond" truecount="5" falsecount="0"/>
        <line num="16" count="1" type="stmt"/>
        <line num="18" count="1" type="stmt"/>
        <line num="19" count="2" type="cond" truecount="2" falsecount="0"/>
        <line num="20" count="1" type="stmt"/>
        <line num="22" count="1" type="stmt"/>
        <line num="25" count="1" type="stmt"/>
        <line num="27" count="1" type="stmt"/>
        <line num="29" count="105" type="stmt"/>
        <line num="34" count="109" type="cond" truecount="2" falsecount="0"/>
        <line num="36" count="1" type="stmt"/>
        <line num="38" count="108" type="stmt"/>
        <line num="44" count="109" type="cond" truecount="2" falsecount="0"/>
        <line num="46" count="1" type="stmt"/>
        <line num="48" count="108" type="stmt"/>
        <line num="53" count="109" type="cond" truecount="3" falsecount="0"/>
        <line num="55" count="1" type="stmt"/>
        <line num="57" count="1" type="stmt"/>
        <line num="59" count="107" type="stmt"/>
        <line num="64" count="109" type="cond" truecount="2" falsecount="0"/>
        <line num="66" count="1" type="stmt"/>
        <line num="68" count="108" type="stmt"/>
        <line num="73" count="109" type="cond" truecount="2" falsecount="0"/>
        <line num="75" count="1" type="stmt"/>
        <line num="77" count="108" type="stmt"/>
        <line num="82" count="109" type="cond" truecount="3" falsecount="0"/>
        <line num="84" count="1" type="stmt"/>
        <line num="86" count="1" type="stmt"/>
        <line num="88" count="107" type="stmt"/>
        <line num="93" count="109" type="cond" truecount="2" falsecount="0"/>
        <line num="95" count="1" type="stmt"/>
        <line num="97" count="108" type="stmt"/>
        <line num="102" count="109" type="cond" truecount="2" falsecount="0"/>
        <line num="104" count="1" type="stmt"/>
        <line num="106" count="108" type="stmt"/>
        <line num="111" count="109" type="cond" truecount="2" falsecount="0"/>
        <line num="113" count="1" type="stmt"/>
        <line num="115" count="108" type="stmt"/>
        <line num="120" count="109" type="cond" truecount="2" falsecount="0"/>
        <line num="122" count="1" type="stmt"/>
        <line num="124" count="108" type="stmt"/>
        <line num="129" count="109" type="cond" truecount="2" falsecount="0"/>
        <line num="131" count="1" type="stmt"/>
        <line num="133" count="108" type="stmt"/>
        <line num="138" count="9" type="stmt"/>
      </file>
    </package>
    <package name="src.store">
      <metrics statements="0" coveredstatements="0" conditionals="0" coveredconditionals="0" methods="0" coveredmethods="0"/>
      <file name="index.js" path="/Users/luilucena/Documents/React-Project/frontend-test-master/src/store/index.js">
        <metrics statements="0" coveredstatements="0" conditionals="0" coveredconditionals="0" methods="0" coveredmethods="0"/>
      </file>
    </package>
  </project>
</coverage>
