{"/Users/luilucena/Documents/React-Project/frontend-test-master/src/app.js": {"path":"/Users/luilucena/Documents/React-Project/frontend-test-master/src/app.js","statementMap":{"0":{"start":{"line":11,"column":12},"end":{"line":26,"column":1}},"1":{"start":{"line":12,"column":4},"end":{"line":25,"column":6}}},"fnMap":{"0":{"name":"(anonymous_0)","decl":{"start":{"line":11,"column":12},"end":{"line":11,"column":13}},"loc":{"start":{"line":11,"column":25},"end":{"line":26,"column":1}},"line":11}},"branchMap":{},"s":{"0":1,"1":2},"f":{"0":2},"b":{},"_coverageSchema":"43e27e138ebf9cfc5966b082cf9a028302ed4184","hash":"59c79eb377707e1be7b53952672fc1dd1b41c942"}
,"/Users/luilucena/Documents/React-Project/frontend-test-master/src/actions/index.js": {"path":"/Users/luilucena/Documents/React-Project/frontend-test-master/src/actions/index.js","statementMap":{"0":{"start":{"line":2,"column":27},"end":{"line":2,"column":40}},"1":{"start":{"line":3,"column":30},"end":{"line":3,"column":46}},"2":{"start":{"line":5,"column":40},"end":{"line":5,"column":66}},"3":{"start":{"line":6,"column":38},"end":{"line":6,"column":62}},"4":{"start":{"line":8,"column":36},"end":{"line":8,"column":54}},"5":{"start":{"line":9,"column":38},"end":{"line":9,"column":62}},"6":{"start":{"line":11,"column":42},"end":{"line":11,"column":70}},"7":{"start":{"line":12,"column":45},"end":{"line":12,"column":76}},"8":{"start":{"line":13,"column":50},"end":{"line":13,"column":86}},"9":{"start":{"line":14,"column":36},"end":{"line":14,"column":58}},"10":{"start":{"line":15,"column":32},"end":{"line":15,"column":50}},"11":{"start":{"line":18,"column":36},"end":{"line":18,"column":58}},"12":{"start":{"line":19,"column":36},"end":{"line":19,"column":58}},"13":{"start":{"line":20,"column":28},"end":{"line":20,"column":42}},"14":{"start":{"line":21,"column":30},"end":{"line":21,"column":46}},"15":{"start":{"line":22,"column":27},"end":{"line":22,"column":40}},"16":{"start":{"line":23,"column":30},"end":{"line":23,"column":46}},"17":{"start":{"line":26,"column":34},"end":{"line":26,"column":54}},"18":{"start":{"line":27,"column":33},"end":{"line":27,"column":52}},"19":{"start":{"line":28,"column":33},"end":{"line":28,"column":52}},"20":{"start":{"line":29,"column":33},"end":{"line":29,"column":52}},"21":{"start":{"line":30,"column":33},"end":{"line":30,"column":52}},"22":{"start":{"line":33,"column":26},"end":{"line":33,"column":69}},"23":{"start":{"line":33,"column":40},"end":{"line":33,"column":68}},"24":{"start":{"line":35,"column":29},"end":{"line":35,"column":81}},"25":{"start":{"line":35,"column":46},"end":{"line":35,"column":80}},"26":{"start":{"line":37,"column":37},"end":{"line":37,"column":95}},"27":{"start":{"line":37,"column":52},"end":{"line":37,"column":94}},"28":{"start":{"line":39,"column":35},"end":{"line":39,"column":83}},"29":{"start":{"line":39,"column":46},"end":{"line":39,"column":82}},"30":{"start":{"line":41,"column":34},"end":{"line":41,"column":82}},"31":{"start":{"line":41,"column":46},"end":{"line":41,"column":81}},"32":{"start":{"line":43,"column":36},"end":{"line":43,"column":74}},"33":{"start":{"line":43,"column":43},"end":{"line":43,"column":73}},"34":{"start":{"line":45,"column":38},"end":{"line":45,"column":90}},"35":{"start":{"line":45,"column":49},"end":{"line":45,"column":89}},"36":{"start":{"line":47,"column":41},"end":{"line":47,"column":96}},"37":{"start":{"line":47,"column":52},"end":{"line":47,"column":95}},"38":{"start":{"line":49,"column":46},"end":{"line":49,"column":106}},"39":{"start":{"line":49,"column":57},"end":{"line":49,"column":105}},"40":{"start":{"line":51,"column":33},"end":{"line":51,"column":79}},"41":{"start":{"line":51,"column":44},"end":{"line":51,"column":78}},"42":{"start":{"line":53,"column":30},"end":{"line":53,"column":72}},"43":{"start":{"line":53,"column":41},"end":{"line":53,"column":71}},"44":{"start":{"line":57,"column":34},"end":{"line":57,"column":90}},"45":{"start":{"line":57,"column":50},"end":{"line":57,"column":89}},"46":{"start":{"line":59,"column":33},"end":{"line":59,"column":93}},"47":{"start":{"line":59,"column":51},"end":{"line":59,"column":92}},"48":{"start":{"line":61,"column":27},"end":{"line":61,"column":73}},"49":{"start":{"line":61,"column":42},"end":{"line":61,"column":72}},"50":{"start":{"line":63,"column":29},"end":{"line":63,"column":75}},"51":{"start":{"line":63,"column":43},"end":{"line":63,"column":74}},"52":{"start":{"line":65,"column":29},"end":{"line":65,"column":72}},"53":{"start":{"line":65,"column":43},"end":{"line":65,"column":71}},"54":{"start":{"line":67,"column":29},"end":{"line":70,"column":1}},"55":{"start":{"line":68,"column":4},"end":{"line":68,"column":27}},"56":{"start":{"line":69,"column":4},"end":{"line":69,"column":46}},"57":{"start":{"line":75,"column":4},"end":{"line":90,"column":5}},"58":{"start":{"line":76,"column":8},"end":{"line":76,"column":35}},"59":{"start":{"line":77,"column":8},"end":{"line":77,"column":41}},"60":{"start":{"line":78,"column":8},"end":{"line":89,"column":14}},"61":{"start":{"line":80,"column":16},"end":{"line":84,"column":22}},"62":{"start":{"line":82,"column":24},"end":{"line":82,"column":56}},"63":{"start":{"line":83,"column":24},"end":{"line":83,"column":51}},"64":{"start":{"line":87,"column":16},"end":{"line":87,"column":67}},"65":{"start":{"line":88,"column":16},"end":{"line":88,"column":44}},"66":{"start":{"line":94,"column":4},"end":{"line":113,"column":5}},"67":{"start":{"line":95,"column":8},"end":{"line":95,"column":41}},"68":{"start":{"line":96,"column":8},"end":{"line":96,"column":43}},"69":{"start":{"line":97,"column":8},"end":{"line":97,"column":38}},"70":{"start":{"line":98,"column":8},"end":{"line":112,"column":10}},"71":{"start":{"line":103,"column":12},"end":{"line":107,"column":18}},"72":{"start":{"line":105,"column":20},"end":{"line":105,"column":53}},"73":{"start":{"line":106,"column":20},"end":{"line":106,"column":51}},"74":{"start":{"line":109,"column":12},"end":{"line":109,"column":60}},"75":{"start":{"line":110,"column":12},"end":{"line":110,"column":46}},"76":{"start":{"line":111,"column":12},"end":{"line":111,"column":43}},"77":{"start":{"line":117,"column":4},"end":{"line":137,"column":5}},"78":{"start":{"line":118,"column":8},"end":{"line":118,"column":41}},"79":{"start":{"line":119,"column":8},"end":{"line":119,"column":43}},"80":{"start":{"line":120,"column":8},"end":{"line":120,"column":38}},"81":{"start":{"line":121,"column":8},"end":{"line":135,"column":10}},"82":{"start":{"line":126,"column":12},"end":{"line":130,"column":18}},"83":{"start":{"line":128,"column":20},"end":{"line":128,"column":53}},"84":{"start":{"line":129,"column":20},"end":{"line":129,"column":51}},"85":{"start":{"line":132,"column":12},"end":{"line":132,"column":59}},"86":{"start":{"line":133,"column":12},"end":{"line":133,"column":46}},"87":{"start":{"line":134,"column":12},"end":{"line":134,"column":43}},"88":{"start":{"line":141,"column":4},"end":{"line":162,"column":5}},"89":{"start":{"line":142,"column":8},"end":{"line":142,"column":41}},"90":{"start":{"line":143,"column":8},"end":{"line":143,"column":43}},"91":{"start":{"line":144,"column":8},"end":{"line":144,"column":35}},"92":{"start":{"line":145,"column":8},"end":{"line":161,"column":10}},"93":{"start":{"line":150,"column":12},"end":{"line":156,"column":18}},"94":{"start":{"line":152,"column":20},"end":{"line":152,"column":53}},"95":{"start":{"line":153,"column":20},"end":{"line":153,"column":60}},"96":{"start":{"line":154,"column":20},"end":{"line":154,"column":51}},"97":{"start":{"line":155,"column":20},"end":{"line":155,"column":48}},"98":{"start":{"line":158,"column":12},"end":{"line":158,"column":60}},"99":{"start":{"line":159,"column":12},"end":{"line":159,"column":46}},"100":{"start":{"line":160,"column":12},"end":{"line":160,"column":40}},"101":{"start":{"line":166,"column":4},"end":{"line":187,"column":5}},"102":{"start":{"line":167,"column":8},"end":{"line":167,"column":41}},"103":{"start":{"line":168,"column":8},"end":{"line":168,"column":43}},"104":{"start":{"line":169,"column":8},"end":{"line":186,"column":10}},"105":{"start":{"line":174,"column":12},"end":{"line":182,"column":18}},"106":{"start":{"line":176,"column":20},"end":{"line":176,"column":68}},"107":{"start":{"line":177,"column":20},"end":{"line":177,"column":43}},"108":{"start":{"line":178,"column":20},"end":{"line":181,"column":28}},"109":{"start":{"line":179,"column":24},"end":{"line":179,"column":59}},"110":{"start":{"line":180,"column":24},"end":{"line":180,"column":59}},"111":{"start":{"line":184,"column":12},"end":{"line":184,"column":60}},"112":{"start":{"line":185,"column":12},"end":{"line":185,"column":46}},"113":{"start":{"line":191,"column":4},"end":{"line":206,"column":5}},"114":{"start":{"line":192,"column":8},"end":{"line":192,"column":41}},"115":{"start":{"line":193,"column":8},"end":{"line":193,"column":38}},"116":{"start":{"line":194,"column":8},"end":{"line":205,"column":14}},"117":{"start":{"line":196,"column":16},"end":{"line":200,"column":22}},"118":{"start":{"line":198,"column":24},"end":{"line":198,"column":56}},"119":{"start":{"line":199,"column":24},"end":{"line":199,"column":54}},"120":{"start":{"line":203,"column":16},"end":{"line":203,"column":65}},"121":{"start":{"line":204,"column":16},"end":{"line":204,"column":47}}},"fnMap":{"0":{"name":"(anonymous_0)","decl":{"start":{"line":33,"column":26},"end":{"line":33,"column":27}},"loc":{"start":{"line":33,"column":40},"end":{"line":33,"column":68}},"line":33},"1":{"name":"(anonymous_1)","decl":{"start":{"line":35,"column":29},"end":{"line":35,"column":30}},"loc":{"start":{"line":35,"column":46},"end":{"line":35,"column":80}},"line":35},"2":{"name":"(anonymous_2)","decl":{"start":{"line":37,"column":37},"end":{"line":37,"column":38}},"loc":{"start":{"line":37,"column":52},"end":{"line":37,"column":94}},"line":37},"3":{"name":"(anonymous_3)","decl":{"start":{"line":39,"column":35},"end":{"line":39,"column":36}},"loc":{"start":{"line":39,"column":46},"end":{"line":39,"column":82}},"line":39},"4":{"name":"(anonymous_4)","decl":{"start":{"line":41,"column":34},"end":{"line":41,"column":35}},"loc":{"start":{"line":41,"column":46},"end":{"line":41,"column":81}},"line":41},"5":{"name":"(anonymous_5)","decl":{"start":{"line":43,"column":36},"end":{"line":43,"column":37}},"loc":{"start":{"line":43,"column":43},"end":{"line":43,"column":73}},"line":43},"6":{"name":"(anonymous_6)","decl":{"start":{"line":45,"column":38},"end":{"line":45,"column":39}},"loc":{"start":{"line":45,"column":49},"end":{"line":45,"column":89}},"line":45},"7":{"name":"(anonymous_7)","decl":{"start":{"line":47,"column":41},"end":{"line":47,"column":42}},"loc":{"start":{"line":47,"column":52},"end":{"line":47,"column":95}},"line":47},"8":{"name":"(anonymous_8)","decl":{"start":{"line":49,"column":46},"end":{"line":49,"column":47}},"loc":{"start":{"line":49,"column":57},"end":{"line":49,"column":105}},"line":49},"9":{"name":"(anonymous_9)","decl":{"start":{"line":51,"column":33},"end":{"line":51,"column":34}},"loc":{"start":{"line":51,"column":44},"end":{"line":51,"column":78}},"line":51},"10":{"name":"(anonymous_10)","decl":{"start":{"line":53,"column":30},"end":{"line":53,"column":31}},"loc":{"start":{"line":53,"column":41},"end":{"line":53,"column":71}},"line":53},"11":{"name":"(anonymous_11)","decl":{"start":{"line":57,"column":34},"end":{"line":57,"column":35}},"loc":{"start":{"line":57,"column":50},"end":{"line":57,"column":89}},"line":57},"12":{"name":"(anonymous_12)","decl":{"start":{"line":59,"column":33},"end":{"line":59,"column":34}},"loc":{"start":{"line":59,"column":51},"end":{"line":59,"column":92}},"line":59},"13":{"name":"(anonymous_13)","decl":{"start":{"line":61,"column":27},"end":{"line":61,"column":28}},"loc":{"start":{"line":61,"column":42},"end":{"line":61,"column":72}},"line":61},"14":{"name":"(anonymous_14)","decl":{"start":{"line":63,"column":29},"end":{"line":63,"column":30}},"loc":{"start":{"line":63,"column":43},"end":{"line":63,"column":74}},"line":63},"15":{"name":"(anonymous_15)","decl":{"start":{"line":65,"column":29},"end":{"line":65,"column":30}},"loc":{"start":{"line":65,"column":43},"end":{"line":65,"column":71}},"line":65},"16":{"name":"(anonymous_16)","decl":{"start":{"line":67,"column":29},"end":{"line":67,"column":30}},"loc":{"start":{"line":67,"column":44},"end":{"line":70,"column":1}},"line":67},"17":{"name":"getCounters","decl":{"start":{"line":74,"column":16},"end":{"line":74,"column":27}},"loc":{"start":{"line":74,"column":30},"end":{"line":91,"column":1}},"line":74},"18":{"name":"getCountersAction","decl":{"start":{"line":75,"column":20},"end":{"line":75,"column":37}},"loc":{"start":{"line":75,"column":48},"end":{"line":90,"column":5}},"line":75},"19":{"name":"(anonymous_19)","decl":{"start":{"line":79,"column":18},"end":{"line":79,"column":19}},"loc":{"start":{"line":79,"column":32},"end":{"line":85,"column":13}},"line":79},"20":{"name":"(anonymous_20)","decl":{"start":{"line":81,"column":26},"end":{"line":81,"column":27}},"loc":{"start":{"line":81,"column":40},"end":{"line":84,"column":21}},"line":81},"21":{"name":"(anonymous_21)","decl":{"start":{"line":86,"column":19},"end":{"line":86,"column":20}},"loc":{"start":{"line":86,"column":25},"end":{"line":89,"column":13}},"line":86},"22":{"name":"incrementCounter","decl":{"start":{"line":93,"column":16},"end":{"line":93,"column":32}},"loc":{"start":{"line":93,"column":44},"end":{"line":114,"column":1}},"line":93},"23":{"name":"incrementCounterAction","decl":{"start":{"line":94,"column":20},"end":{"line":94,"column":42}},"loc":{"start":{"line":94,"column":53},"end":{"line":113,"column":5}},"line":94},"24":{"name":"(anonymous_24)","decl":{"start":{"line":102,"column":16},"end":{"line":102,"column":17}},"loc":{"start":{"line":102,"column":30},"end":{"line":108,"column":9}},"line":102},"25":{"name":"(anonymous_25)","decl":{"start":{"line":104,"column":22},"end":{"line":104,"column":23}},"loc":{"start":{"line":104,"column":35},"end":{"line":107,"column":17}},"line":104},"26":{"name":"(anonymous_26)","decl":{"start":{"line":108,"column":17},"end":{"line":108,"column":18}},"loc":{"start":{"line":108,"column":23},"end":{"line":112,"column":9}},"line":108},"27":{"name":"decrementCounter","decl":{"start":{"line":116,"column":16},"end":{"line":116,"column":32}},"loc":{"start":{"line":116,"column":44},"end":{"line":138,"column":1}},"line":116},"28":{"name":"decrementCounterAction","decl":{"start":{"line":117,"column":20},"end":{"line":117,"column":42}},"loc":{"start":{"line":117,"column":53},"end":{"line":137,"column":5}},"line":117},"29":{"name":"(anonymous_29)","decl":{"start":{"line":125,"column":16},"end":{"line":125,"column":17}},"loc":{"start":{"line":125,"column":30},"end":{"line":131,"column":9}},"line":125},"30":{"name":"(anonymous_30)","decl":{"start":{"line":127,"column":22},"end":{"line":127,"column":23}},"loc":{"start":{"line":127,"column":35},"end":{"line":130,"column":17}},"line":127},"31":{"name":"(anonymous_31)","decl":{"start":{"line":131,"column":17},"end":{"line":131,"column":18}},"loc":{"start":{"line":131,"column":23},"end":{"line":135,"column":9}},"line":131},"32":{"name":"addCounter","decl":{"start":{"line":140,"column":16},"end":{"line":140,"column":26}},"loc":{"start":{"line":140,"column":40},"end":{"line":163,"column":1}},"line":140},"33":{"name":"addCounterAction","decl":{"start":{"line":141,"column":20},"end":{"line":141,"column":36}},"loc":{"start":{"line":141,"column":47},"end":{"line":162,"column":5}},"line":141},"34":{"name":"(anonymous_34)","decl":{"start":{"line":149,"column":16},"end":{"line":149,"column":17}},"loc":{"start":{"line":149,"column":30},"end":{"line":157,"column":9}},"line":149},"35":{"name":"(anonymous_35)","decl":{"start":{"line":151,"column":22},"end":{"line":151,"column":23}},"loc":{"start":{"line":151,"column":35},"end":{"line":156,"column":17}},"line":151},"36":{"name":"(anonymous_36)","decl":{"start":{"line":157,"column":17},"end":{"line":157,"column":18}},"loc":{"start":{"line":157,"column":23},"end":{"line":161,"column":9}},"line":157},"37":{"name":"deleteCounter","decl":{"start":{"line":165,"column":16},"end":{"line":165,"column":29}},"loc":{"start":{"line":165,"column":41},"end":{"line":188,"column":1}},"line":165},"38":{"name":"deleteCounterAction","decl":{"start":{"line":166,"column":20},"end":{"line":166,"column":39}},"loc":{"start":{"line":166,"column":50},"end":{"line":187,"column":5}},"line":166},"39":{"name":"(anonymous_39)","decl":{"start":{"line":173,"column":16},"end":{"line":173,"column":17}},"loc":{"start":{"line":173,"column":30},"end":{"line":183,"column":9}},"line":173},"40":{"name":"(anonymous_40)","decl":{"start":{"line":175,"column":22},"end":{"line":175,"column":23}},"loc":{"start":{"line":175,"column":37},"end":{"line":182,"column":17}},"line":175},"41":{"name":"(anonymous_41)","decl":{"start":{"line":178,"column":31},"end":{"line":178,"column":32}},"loc":{"start":{"line":178,"column":37},"end":{"line":181,"column":21}},"line":178},"42":{"name":"(anonymous_42)","decl":{"start":{"line":183,"column":17},"end":{"line":183,"column":18}},"loc":{"start":{"line":183,"column":23},"end":{"line":186,"column":9}},"line":183},"43":{"name":"refreshCounters","decl":{"start":{"line":190,"column":16},"end":{"line":190,"column":31}},"loc":{"start":{"line":190,"column":34},"end":{"line":207,"column":1}},"line":190},"44":{"name":"refreshCountersAction","decl":{"start":{"line":191,"column":20},"end":{"line":191,"column":41}},"loc":{"start":{"line":191,"column":52},"end":{"line":206,"column":5}},"line":191},"45":{"name":"(anonymous_45)","decl":{"start":{"line":195,"column":18},"end":{"line":195,"column":19}},"loc":{"start":{"line":195,"column":32},"end":{"line":201,"column":13}},"line":195},"46":{"name":"(anonymous_46)","decl":{"start":{"line":197,"column":26},"end":{"line":197,"column":27}},"loc":{"start":{"line":197,"column":40},"end":{"line":200,"column":21}},"line":197},"47":{"name":"(anonymous_47)","decl":{"start":{"line":202,"column":19},"end":{"line":202,"column":20}},"loc":{"start":{"line":202,"column":28},"end":{"line":205,"column":13}},"line":202}},"branchMap":{},"s":{"0":10,"1":10,"2":10,"3":10,"4":10,"5":10,"6":10,"7":10,"8":10,"9":10,"10":10,"11":10,"12":10,"13":10,"14":10,"15":10,"16":10,"17":10,"18":10,"19":10,"20":10,"21":10,"22":10,"23":9,"24":10,"25":13,"26":10,"27":10,"28":10,"29":5,"30":10,"31":7,"32":10,"33":13,"34":10,"35":7,"36":10,"37":7,"38":10,"39":6,"40":10,"41":21,"42":10,"43":6,"44":10,"45":9,"46":10,"47":7,"48":10,"49":3,"50":10,"51":3,"52":10,"53":2,"54":10,"55":2,"56":2,"57":3,"58":2,"59":2,"60":2,"61":1,"62":1,"63":1,"64":1,"65":1,"66":4,"67":2,"68":2,"69":2,"70":2,"71":1,"72":1,"73":1,"74":1,"75":1,"76":1,"77":4,"78":2,"79":2,"80":2,"81":2,"82":1,"83":1,"84":1,"85":1,"86":1,"87":1,"88":3,"89":2,"90":2,"91":2,"92":2,"93":1,"94":1,"95":1,"96":1,"97":1,"98":1,"99":1,"100":1,"101":4,"102":2,"103":2,"104":2,"105":1,"106":1,"107":1,"108":1,"109":1,"110":1,"111":1,"112":1,"113":3,"114":2,"115":2,"116":2,"117":1,"118":1,"119":1,"120":1,"121":1},"f":{"0":9,"1":13,"2":10,"3":5,"4":7,"5":13,"6":7,"7":7,"8":6,"9":21,"10":6,"11":9,"12":7,"13":3,"14":3,"15":2,"16":2,"17":3,"18":2,"19":1,"20":1,"21":1,"22":4,"23":2,"24":1,"25":1,"26":1,"27":4,"28":2,"29":1,"30":1,"31":1,"32":3,"33":2,"34":1,"35":1,"36":1,"37":4,"38":2,"39":1,"40":1,"41":1,"42":1,"43":3,"44":2,"45":1,"46":1,"47":1},"b":{},"_coverageSchema":"43e27e138ebf9cfc5966b082cf9a028302ed4184","hash":"fee9df0bd2207372b93162b7f2cfbe362b74d79a"}
,"/Users/luilucena/Documents/React-Project/frontend-test-master/src/components/CountersList/index.js": {"path":"/Users/luilucena/Documents/React-Project/frontend-test-master/src/components/CountersList/index.js","statementMap":{"0":{"start":{"line":12,"column":20},"end":{"line":60,"column":1}},"1":{"start":{"line":13,"column":21},"end":{"line":13,"column":34}},"2":{"start":{"line":14,"column":92},"end":{"line":21,"column":7}},"3":{"start":{"line":14,"column":114},"end":{"line":21,"column":5}},"4":{"start":{"line":23,"column":30},"end":{"line":23,"column":79}},"5":{"start":{"line":25,"column":29},"end":{"line":27,"column":16}},"6":{"start":{"line":26,"column":35},"end":{"line":26,"column":109}},"7":{"start":{"line":29,"column":32},"end":{"line":29,"column":84}},"8":{"start":{"line":29,"column":50},"end":{"line":29,"column":71}},"9":{"start":{"line":31,"column":43},"end":{"line":31,"column":108}},"10":{"start":{"line":31,"column":61},"end":{"line":31,"column":95}},"11":{"start":{"line":33,"column":39},"end":{"line":33,"column":118}},"12":{"start":{"line":33,"column":66},"end":{"line":33,"column":105}},"13":{"start":{"line":35,"column":37},"end":{"line":35,"column":114}},"14":{"start":{"line":35,"column":64},"end":{"line":35,"column":101}},"15":{"start":{"line":37,"column":37},"end":{"line":37,"column":114}},"16":{"start":{"line":37,"column":64},"end":{"line":37,"column":101}},"17":{"start":{"line":39,"column":36},"end":{"line":39,"column":94}},"18":{"start":{"line":39,"column":54},"end":{"line":39,"column":81}},"19":{"start":{"line":41,"column":4},"end":{"line":59,"column":5}},"20":{"start":{"line":42,"column":8},"end":{"line":42,"column":25}},"21":{"start":{"line":43,"column":11},"end":{"line":59,"column":5}},"22":{"start":{"line":44,"column":8},"end":{"line":44,"column":68}},"23":{"start":{"line":45,"column":11},"end":{"line":59,"column":5}},"24":{"start":{"line":46,"column":8},"end":{"line":46,"column":27}},"25":{"start":{"line":48,"column":8},"end":{"line":58,"column":15}}},"fnMap":{"0":{"name":"(anonymous_0)","decl":{"start":{"line":12,"column":20},"end":{"line":12,"column":21}},"loc":{"start":{"line":12,"column":26},"end":{"line":60,"column":1}},"line":12},"1":{"name":"(anonymous_1)","decl":{"start":{"line":14,"column":104},"end":{"line":14,"column":105}},"loc":{"start":{"line":14,"column":114},"end":{"line":21,"column":5}},"line":14},"2":{"name":"(anonymous_2)","decl":{"start":{"line":26,"column":24},"end":{"line":26,"column":25}},"loc":{"start":{"line":26,"column":35},"end":{"line":26,"column":109}},"line":26},"3":{"name":"(anonymous_3)","decl":{"start":{"line":29,"column":44},"end":{"line":29,"column":45}},"loc":{"start":{"line":29,"column":50},"end":{"line":29,"column":71}},"line":29},"4":{"name":"(anonymous_4)","decl":{"start":{"line":31,"column":55},"end":{"line":31,"column":56}},"loc":{"start":{"line":31,"column":61},"end":{"line":31,"column":95}},"line":31},"5":{"name":"(anonymous_5)","decl":{"start":{"line":33,"column":51},"end":{"line":33,"column":52}},"loc":{"start":{"line":33,"column":66},"end":{"line":33,"column":105}},"line":33},"6":{"name":"(anonymous_6)","decl":{"start":{"line":35,"column":49},"end":{"line":35,"column":50}},"loc":{"start":{"line":35,"column":64},"end":{"line":35,"column":101}},"line":35},"7":{"name":"(anonymous_7)","decl":{"start":{"line":37,"column":49},"end":{"line":37,"column":50}},"loc":{"start":{"line":37,"column":64},"end":{"line":37,"column":101}},"line":37},"8":{"name":"(anonymous_8)","decl":{"start":{"line":39,"column":48},"end":{"line":39,"column":49}},"loc":{"start":{"line":39,"column":54},"end":{"line":39,"column":81}},"line":39}},"branchMap":{"0":{"loc":{"start":{"line":23,"column":30},"end":{"line":23,"column":79}},"type":"binary-expr","locations":[{"start":{"line":23,"column":30},"end":{"line":23,"column":51}},{"start":{"line":23,"column":55},"end":{"line":23,"column":79}}],"line":23},"1":{"loc":{"start":{"line":25,"column":29},"end":{"line":27,"column":16}},"type":"cond-expr","locations":[{"start":{"line":26,"column":8},"end":{"line":26,"column":110}},{"start":{"line":27,"column":8},"end":{"line":27,"column":16}}],"line":25},"2":{"loc":{"start":{"line":25,"column":30},"end":{"line":25,"column":79}},"type":"binary-expr","locations":[{"start":{"line":25,"column":30},"end":{"line":25,"column":51}},{"start":{"line":25,"column":55},"end":{"line":25,"column":79}}],"line":25},"3":{"loc":{"start":{"line":41,"column":4},"end":{"line":59,"column":5}},"type":"if","locations":[{"start":{"line":41,"column":4},"end":{"line":59,"column":5}},{"start":{"line":41,"column":4},"end":{"line":59,"column":5}}],"line":41},"4":{"loc":{"start":{"line":43,"column":11},"end":{"line":59,"column":5}},"type":"if","locations":[{"start":{"line":43,"column":11},"end":{"line":59,"column":5}},{"start":{"line":43,"column":11},"end":{"line":59,"column":5}}],"line":43},"5":{"loc":{"start":{"line":45,"column":11},"end":{"line":59,"column":5}},"type":"if","locations":[{"start":{"line":45,"column":11},"end":{"line":59,"column":5}},{"start":{"line":45,"column":11},"end":{"line":59,"column":5}}],"line":45}},"s":{"0":8,"1":26,"2":26,"3":39,"4":26,"5":26,"6":2,"7":26,"8":2,"9":26,"10":2,"11":26,"12":3,"13":26,"14":1,"15":26,"16":1,"17":26,"18":1,"19":26,"20":2,"21":24,"22":6,"23":18,"24":4,"25":14},"f":{"0":26,"1":39,"2":2,"3":2,"4":2,"5":3,"6":1,"7":1,"8":1},"b":{"0":[26,2],"1":[2,24],"2":[26,2],"3":[2,24],"4":[6,18],"5":[4,14]},"_coverageSchema":"43e27e138ebf9cfc5966b082cf9a028302ed4184","hash":"2d4a9714efec69539e80da20cae998c9c4068be1"}
,"/Users/luilucena/Documents/React-Project/frontend-test-master/src/components/CountersList/EmptyList/index.js": {"path":"/Users/luilucena/Documents/React-Project/frontend-test-master/src/components/CountersList/EmptyList/index.js","statementMap":{"0":{"start":{"line":3,"column":18},"end":{"line":13,"column":1}},"1":{"start":{"line":4,"column":4},"end":{"line":12,"column":6}}},"fnMap":{"0":{"name":"(anonymous_0)","decl":{"start":{"line":3,"column":18},"end":{"line":3,"column":19}},"loc":{"start":{"line":3,"column":24},"end":{"line":13,"column":1}},"line":3}},"branchMap":{},"s":{"0":9,"1":5},"f":{"0":5},"b":{},"_coverageSchema":"43e27e138ebf9cfc5966b082cf9a028302ed4184","hash":"dd10caa3cf4b9cef58ba6a8c544e68e072bd74f3"}
,"/Users/luilucena/Documents/React-Project/frontend-test-master/src/components/CountersList/ErrorScreen/index.js": {"path":"/Users/luilucena/Documents/React-Project/frontend-test-master/src/components/CountersList/ErrorScreen/index.js","statementMap":{"0":{"start":{"line":4,"column":20},"end":{"line":13,"column":5}},"1":{"start":{"line":5,"column":35},"end":{"line":5,"column":40}},"2":{"start":{"line":6,"column":8},"end":{"line":12,"column":10}},"3":{"start":{"line":10,"column":69},"end":{"line":10,"column":87}}},"fnMap":{"0":{"name":"(anonymous_0)","decl":{"start":{"line":4,"column":20},"end":{"line":4,"column":21}},"loc":{"start":{"line":4,"column":31},"end":{"line":13,"column":5}},"line":4},"1":{"name":"(anonymous_1)","decl":{"start":{"line":10,"column":63},"end":{"line":10,"column":64}},"loc":{"start":{"line":10,"column":69},"end":{"line":10,"column":87}},"line":10}},"branchMap":{},"s":{"0":9,"1":7,"2":7,"3":3},"f":{"0":7,"1":3},"b":{},"_coverageSchema":"43e27e138ebf9cfc5966b082cf9a028302ed4184","hash":"aff70290a93fa88f0e2ed396e977fb0800021068"}
,"/Users/luilucena/Documents/React-Project/frontend-test-master/src/components/CountersList/FullList/index.js": {"path":"/Users/luilucena/Documents/React-Project/frontend-test-master/src/components/CountersList/FullList/index.js","statementMap":{"0":{"start":{"line":7,"column":17},"end":{"line":67,"column":5}},"1":{"start":{"line":11,"column":12},"end":{"line":11,"column":17}},"2":{"start":{"line":12,"column":27},"end":{"line":12,"column":75}},"3":{"start":{"line":12,"column":53},"end":{"line":12,"column":71}},"4":{"start":{"line":14,"column":8},"end":{"line":17,"column":15}},"5":{"start":{"line":15,"column":12},"end":{"line":15,"column":65}},"6":{"start":{"line":16,"column":12},"end":{"line":16,"column":81}},"7":{"start":{"line":16,"column":25},"end":{"line":16,"column":80}},"8":{"start":{"line":20,"column":35},"end":{"line":31,"column":9}},"9":{"start":{"line":21,"column":31},"end":{"line":21,"column":35}},"10":{"start":{"line":22,"column":39},"end":{"line":22,"column":83}},"11":{"start":{"line":23,"column":12},"end":{"line":27,"column":15}},"12":{"start":{"line":24,"column":16},"end":{"line":26,"column":17}},"13":{"start":{"line":25,"column":20},"end":{"line":25,"column":41}},"14":{"start":{"line":28,"column":12},"end":{"line":30,"column":13}},"15":{"start":{"line":29,"column":16},"end":{"line":29,"column":41}},"16":{"start":{"line":33,"column":26},"end":{"line":38,"column":9}},"17":{"start":{"line":34,"column":12},"end":{"line":36,"column":13}},"18":{"start":{"line":35,"column":16},"end":{"line":35,"column":75}},"19":{"start":{"line":37,"column":12},"end":{"line":37,"column":23}},"20":{"start":{"line":40,"column":25},"end":{"line":55,"column":9}},"21":{"start":{"line":41,"column":12},"end":{"line":53,"column":13}},"22":{"start":{"line":42,"column":16},"end":{"line":52,"column":17}},"23":{"start":{"line":45,"column":28},"end":{"line":49,"column":30}},"24":{"start":{"line":54,"column":12},"end":{"line":54,"column":23}},"25":{"start":{"line":57,"column":8},"end":{"line":66,"column":10}}},"fnMap":{"0":{"name":"(anonymous_0)","decl":{"start":{"line":7,"column":17},"end":{"line":7,"column":18}},"loc":{"start":{"line":7,"column":28},"end":{"line":67,"column":5}},"line":7},"1":{"name":"(anonymous_1)","decl":{"start":{"line":12,"column":43},"end":{"line":12,"column":44}},"loc":{"start":{"line":12,"column":53},"end":{"line":12,"column":71}},"line":12},"2":{"name":"(anonymous_2)","decl":{"start":{"line":14,"column":18},"end":{"line":14,"column":19}},"loc":{"start":{"line":14,"column":24},"end":{"line":17,"column":9}},"line":14},"3":{"name":"(anonymous_3)","decl":{"start":{"line":16,"column":19},"end":{"line":16,"column":20}},"loc":{"start":{"line":16,"column":25},"end":{"line":16,"column":80}},"line":16},"4":{"name":"(anonymous_4)","decl":{"start":{"line":20,"column":35},"end":{"line":20,"column":36}},"loc":{"start":{"line":20,"column":42},"end":{"line":31,"column":9}},"line":20},"5":{"name":"(anonymous_5)","decl":{"start":{"line":23,"column":48},"end":{"line":23,"column":49}},"loc":{"start":{"line":23,"column":70},"end":{"line":27,"column":13}},"line":23},"6":{"name":"(anonymous_6)","decl":{"start":{"line":33,"column":26},"end":{"line":33,"column":27}},"loc":{"start":{"line":33,"column":32},"end":{"line":38,"column":9}},"line":33},"7":{"name":"(anonymous_7)","decl":{"start":{"line":40,"column":25},"end":{"line":40,"column":26}},"loc":{"start":{"line":40,"column":31},"end":{"line":55,"column":9}},"line":40},"8":{"name":"(anonymous_8)","decl":{"start":{"line":44,"column":38},"end":{"line":44,"column":39}},"loc":{"start":{"line":45,"column":28},"end":{"line":49,"column":30}},"line":45}},"branchMap":{"0":{"loc":{"start":{"line":12,"column":58},"end":{"line":12,"column":70}},"type":"binary-expr","locations":[{"start":{"line":12,"column":58},"end":{"line":12,"column":65}},{"start":{"line":12,"column":69},"end":{"line":12,"column":70}}],"line":12},"1":{"loc":{"start":{"line":24,"column":16},"end":{"line":26,"column":17}},"type":"if","locations":[{"start":{"line":24,"column":16},"end":{"line":26,"column":17}},{"start":{"line":24,"column":16},"end":{"line":26,"column":17}}],"line":24},"2":{"loc":{"start":{"line":28,"column":12},"end":{"line":30,"column":13}},"type":"if","locations":[{"start":{"line":28,"column":12},"end":{"line":30,"column":13}},{"start":{"line":28,"column":12},"end":{"line":30,"column":13}}],"line":28},"3":{"loc":{"start":{"line":34,"column":12},"end":{"line":36,"column":13}},"type":"if","locations":[{"start":{"line":34,"column":12},"end":{"line":36,"column":13}},{"start":{"line":34,"column":12},"end":{"line":36,"column":13}}],"line":34},"4":{"loc":{"start":{"line":41,"column":12},"end":{"line":53,"column":13}},"type":"if","locations":[{"start":{"line":41,"column":12},"end":{"line":53,"column":13}},{"start":{"line":41,"column":12},"end":{"line":53,"column":13}}],"line":41},"5":{"loc":{"start":{"line":58,"column":40},"end":{"line":58,"column":66}},"type":"cond-expr","locations":[{"start":{"line":58,"column":51},"end":{"line":58,"column":61}},{"start":{"line":58,"column":64},"end":{"line":58,"column":66}}],"line":58}},"s":{"0":9,"1":18,"2":18,"3":15,"4":18,"5":11,"6":11,"7":11,"8":18,"9":7,"10":7,"11":7,"12":7,"13":4,"14":7,"15":3,"16":18,"17":18,"18":3,"19":15,"20":18,"21":18,"22":15,"23":15,"24":3,"25":18},"f":{"0":18,"1":15,"2":11,"3":11,"4":7,"5":7,"6":18,"7":18,"8":15},"b":{"0":[15,11],"1":[4,3],"2":[3,4],"3":[3,15],"4":[15,3],"5":[1,17]},"_coverageSchema":"43e27e138ebf9cfc5966b082cf9a028302ed4184","hash":"24844f5a47aef95c68423e455fc390f9be38b236"}
,"/Users/luilucena/Documents/React-Project/frontend-test-master/src/components/CountersList/FullList/Item/index.js": {"path":"/Users/luilucena/Documents/React-Project/frontend-test-master/src/components/CountersList/FullList/Item/index.js","statementMap":{"0":{"start":{"line":7,"column":13},"end":{"line":40,"column":1}},"1":{"start":{"line":8,"column":90},"end":{"line":8,"column":95}},"2":{"start":{"line":10,"column":26},"end":{"line":14,"column":5}},"3":{"start":{"line":11,"column":8},"end":{"line":13,"column":9}},"4":{"start":{"line":12,"column":12},"end":{"line":12,"column":56}},"5":{"start":{"line":12,"column":29},"end":{"line":12,"column":51}},"6":{"start":{"line":16,"column":26},"end":{"line":20,"column":5}},"7":{"start":{"line":17,"column":8},"end":{"line":19,"column":9}},"8":{"start":{"line":18,"column":12},"end":{"line":18,"column":56}},"9":{"start":{"line":18,"column":29},"end":{"line":18,"column":51}},"10":{"start":{"line":21,"column":29},"end":{"line":23,"column":5}},"11":{"start":{"line":22,"column":8},"end":{"line":22,"column":55}},"12":{"start":{"line":22,"column":25},"end":{"line":22,"column":50}},"13":{"start":{"line":25,"column":4},"end":{"line":39,"column":5}}},"fnMap":{"0":{"name":"(anonymous_0)","decl":{"start":{"line":7,"column":13},"end":{"line":7,"column":14}},"loc":{"start":{"line":7,"column":24},"end":{"line":40,"column":1}},"line":7},"1":{"name":"(anonymous_1)","decl":{"start":{"line":10,"column":26},"end":{"line":10,"column":27}},"loc":{"start":{"line":10,"column":32},"end":{"line":14,"column":5}},"line":10},"2":{"name":"(anonymous_2)","decl":{"start":{"line":12,"column":23},"end":{"line":12,"column":24}},"loc":{"start":{"line":12,"column":29},"end":{"line":12,"column":51}},"line":12},"3":{"name":"(anonymous_3)","decl":{"start":{"line":16,"column":26},"end":{"line":16,"column":27}},"loc":{"start":{"line":16,"column":32},"end":{"line":20,"column":5}},"line":16},"4":{"name":"(anonymous_4)","decl":{"start":{"line":18,"column":23},"end":{"line":18,"column":24}},"loc":{"start":{"line":18,"column":29},"end":{"line":18,"column":51}},"line":18},"5":{"name":"(anonymous_5)","decl":{"start":{"line":21,"column":29},"end":{"line":21,"column":30}},"loc":{"start":{"line":21,"column":35},"end":{"line":23,"column":5}},"line":21},"6":{"name":"(anonymous_6)","decl":{"start":{"line":22,"column":19},"end":{"line":22,"column":20}},"loc":{"start":{"line":22,"column":25},"end":{"line":22,"column":50}},"line":22}},"branchMap":{"0":{"loc":{"start":{"line":11,"column":8},"end":{"line":13,"column":9}},"type":"if","locations":[{"start":{"line":11,"column":8},"end":{"line":13,"column":9}},{"start":{"line":11,"column":8},"end":{"line":13,"column":9}}],"line":11},"1":{"loc":{"start":{"line":17,"column":8},"end":{"line":19,"column":9}},"type":"if","locations":[{"start":{"line":17,"column":8},"end":{"line":19,"column":9}},{"start":{"line":17,"column":8},"end":{"line":19,"column":9}}],"line":17},"2":{"loc":{"start":{"line":26,"column":32},"end":{"line":26,"column":80}},"type":"cond-expr","locations":[{"start":{"line":26,"column":65},"end":{"line":26,"column":75}},{"start":{"line":26,"column":78},"end":{"line":26,"column":80}}],"line":26},"3":{"loc":{"start":{"line":31,"column":30},"end":{"line":31,"column":81}},"type":"cond-expr","locations":[{"start":{"line":31,"column":52},"end":{"line":31,"column":69}},{"start":{"line":31,"column":72},"end":{"line":31,"column":81}}],"line":31},"4":{"loc":{"start":{"line":33,"column":30},"end":{"line":33,"column":63}},"type":"cond-expr","locations":[{"start":{"line":33,"column":52},"end":{"line":33,"column":58}},{"start":{"line":33,"column":61},"end":{"line":33,"column":63}}],"line":33}},"s":{"0":10,"1":22,"2":22,"3":4,"4":3,"5":3,"6":22,"7":4,"8":3,"9":3,"10":22,"11":10,"12":10,"13":22},"f":{"0":22,"1":4,"2":3,"3":4,"4":3,"5":10,"6":10},"b":{"0":[3,1],"1":[3,1],"2":[2,20],"3":[13,9],"4":[13,9]},"_coverageSchema":"43e27e138ebf9cfc5966b082cf9a028302ed4184","hash":"406e86645854ad8a96133611cecfa73525f2aa19"}
,"/Users/luilucena/Documents/React-Project/frontend-test-master/src/components/CountersList/FullList/Summary/index.js": {"path":"/Users/luilucena/Documents/React-Project/frontend-test-master/src/components/CountersList/FullList/Summary/index.js","statementMap":{"0":{"start":{"line":6,"column":16},"end":{"line":61,"column":1}},"1":{"start":{"line":7,"column":92},"end":{"line":7,"column":97}},"2":{"start":{"line":9,"column":48},"end":{"line":9,"column":59}},"3":{"start":{"line":10,"column":24},"end":{"line":10,"column":32}},"4":{"start":{"line":12,"column":4},"end":{"line":21,"column":21}},"5":{"start":{"line":13,"column":8},"end":{"line":20,"column":9}},"6":{"start":{"line":14,"column":23},"end":{"line":16,"column":19}},"7":{"start":{"line":15,"column":16},"end":{"line":15,"column":39}},"8":{"start":{"line":17,"column":12},"end":{"line":17,"column":37}},"9":{"start":{"line":19,"column":12},"end":{"line":19,"column":47}},"10":{"start":{"line":23,"column":33},"end":{"line":25,"column":5}},"11":{"start":{"line":24,"column":8},"end":{"line":24,"column":91}},"12":{"start":{"line":24,"column":46},"end":{"line":24,"column":89}},"13":{"start":{"line":28,"column":31},"end":{"line":32,"column":5}},"14":{"start":{"line":29,"column":8},"end":{"line":31,"column":9}},"15":{"start":{"line":30,"column":12},"end":{"line":30,"column":30}},"16":{"start":{"line":34,"column":23},"end":{"line":41,"column":5}},"17":{"start":{"line":35,"column":8},"end":{"line":40,"column":9}},"18":{"start":{"line":43,"column":4},"end":{"line":45,"column":5}},"19":{"start":{"line":44,"column":8},"end":{"line":44,"column":20}},"20":{"start":{"line":46,"column":4},"end":{"line":54,"column":5}},"21":{"start":{"line":47,"column":8},"end":{"line":53,"column":9}},"22":{"start":{"line":55,"column":4},"end":{"line":60,"column":5}}},"fnMap":{"0":{"name":"(anonymous_0)","decl":{"start":{"line":6,"column":16},"end":{"line":6,"column":17}},"loc":{"start":{"line":6,"column":27},"end":{"line":61,"column":1}},"line":6},"1":{"name":"(anonymous_1)","decl":{"start":{"line":12,"column":14},"end":{"line":12,"column":15}},"loc":{"start":{"line":12,"column":20},"end":{"line":21,"column":5}},"line":12},"2":{"name":"(anonymous_2)","decl":{"start":{"line":14,"column":35},"end":{"line":14,"column":36}},"loc":{"start":{"line":14,"column":41},"end":{"line":16,"column":13}},"line":14},"3":{"name":"(anonymous_3)","decl":{"start":{"line":23,"column":33},"end":{"line":23,"column":34}},"loc":{"start":{"line":23,"column":39},"end":{"line":25,"column":5}},"line":23},"4":{"name":"(anonymous_4)","decl":{"start":{"line":24,"column":26},"end":{"line":24,"column":27}},"loc":{"start":{"line":24,"column":46},"end":{"line":24,"column":89}},"line":24},"5":{"name":"(anonymous_5)","decl":{"start":{"line":28,"column":31},"end":{"line":28,"column":32}},"loc":{"start":{"line":28,"column":37},"end":{"line":32,"column":5}},"line":28},"6":{"name":"(anonymous_6)","decl":{"start":{"line":34,"column":23},"end":{"line":34,"column":24}},"loc":{"start":{"line":34,"column":29},"end":{"line":41,"column":5}},"line":34}},"branchMap":{"0":{"loc":{"start":{"line":13,"column":8},"end":{"line":20,"column":9}},"type":"if","locations":[{"start":{"line":13,"column":8},"end":{"line":20,"column":9}},{"start":{"line":13,"column":8},"end":{"line":20,"column":9}}],"line":13},"1":{"loc":{"start":{"line":24,"column":46},"end":{"line":24,"column":89}},"type":"cond-expr","locations":[{"start":{"line":24,"column":67},"end":{"line":24,"column":85}},{"start":{"line":24,"column":88},"end":{"line":24,"column":89}}],"line":24},"2":{"loc":{"start":{"line":29,"column":8},"end":{"line":31,"column":9}},"type":"if","locations":[{"start":{"line":29,"column":8},"end":{"line":31,"column":9}},{"start":{"line":29,"column":8},"end":{"line":31,"column":9}}],"line":29},"3":{"loc":{"start":{"line":37,"column":55},"end":{"line":37,"column":99}},"type":"cond-expr","locations":[{"start":{"line":37,"column":68},"end":{"line":37,"column":85}},{"start":{"line":37,"column":88},"end":{"line":37,"column":99}}],"line":37},"4":{"loc":{"start":{"line":38,"column":17},"end":{"line":38,"column":76}},"type":"binary-expr","locations":[{"start":{"line":38,"column":17},"end":{"line":38,"column":27}},{"start":{"line":38,"column":31},"end":{"line":38,"column":76}}],"line":38},"5":{"loc":{"start":{"line":43,"column":4},"end":{"line":45,"column":5}},"type":"if","locations":[{"start":{"line":43,"column":4},"end":{"line":45,"column":5}},{"start":{"line":43,"column":4},"end":{"line":45,"column":5}}],"line":43},"6":{"loc":{"start":{"line":46,"column":4},"end":{"line":54,"column":5}},"type":"if","locations":[{"start":{"line":46,"column":4},"end":{"line":54,"column":5}},{"start":{"line":46,"column":4},"end":{"line":54,"column":5}}],"line":46},"7":{"loc":{"start":{"line":49,"column":56},"end":{"line":49,"column":92}},"type":"cond-expr","locations":[{"start":{"line":49,"column":76},"end":{"line":49,"column":82}},{"start":{"line":49,"column":85},"end":{"line":49,"column":92}}],"line":49},"8":{"loc":{"start":{"line":50,"column":58},"end":{"line":50,"column":93}},"type":"cond-expr","locations":[{"start":{"line":50,"column":77},"end":{"line":50,"column":83}},{"start":{"line":50,"column":86},"end":{"line":50,"column":93}}],"line":50}},"s":{"0":10,"1":29,"2":29,"3":29,"4":29,"5":17,"6":2,"7":5,"8":2,"9":15,"10":29,"11":5,"12":5,"13":29,"14":3,"15":2,"16":29,"17":25,"18":29,"19":4,"20":25,"21":24,"22":1},"f":{"0":29,"1":17,"2":5,"3":5,"4":5,"5":3,"6":25},"b":{"0":[2,15],"1":[4,1],"2":[2,1],"3":[7,18],"4":[25,7],"5":[4,25],"6":[24,1],"7":[23,1],"8":[12,12]},"_coverageSchema":"43e27e138ebf9cfc5966b082cf9a028302ed4184","hash":"74ea7db2a18a375992f210f2c7f7359cd5307098"}
,"/Users/luilucena/Documents/React-Project/frontend-test-master/src/components/CountersList/Loading/index.js": {"path":"/Users/luilucena/Documents/React-Project/frontend-test-master/src/components/CountersList/Loading/index.js","statementMap":{"0":{"start":{"line":5,"column":16},"end":{"line":22,"column":1}},"1":{"start":{"line":6,"column":56},"end":{"line":6,"column":70}},"2":{"start":{"line":7,"column":4},"end":{"line":12,"column":11}},"3":{"start":{"line":8,"column":25},"end":{"line":10,"column":15}},"4":{"start":{"line":9,"column":12},"end":{"line":9,"column":28}},"5":{"start":{"line":11,"column":8},"end":{"line":11,"column":45}},"6":{"start":{"line":11,"column":21},"end":{"line":11,"column":44}},"7":{"start":{"line":14,"column":26},"end":{"line":16,"column":5}},"8":{"start":{"line":15,"column":8},"end":{"line":15,"column":75}},"9":{"start":{"line":15,"column":54},"end":{"line":15,"column":73}},"10":{"start":{"line":17,"column":4},"end":{"line":21,"column":5}}},"fnMap":{"0":{"name":"(anonymous_0)","decl":{"start":{"line":5,"column":16},"end":{"line":5,"column":17}},"loc":{"start":{"line":5,"column":22},"end":{"line":22,"column":1}},"line":5},"1":{"name":"(anonymous_1)","decl":{"start":{"line":7,"column":14},"end":{"line":7,"column":15}},"loc":{"start":{"line":7,"column":20},"end":{"line":12,"column":5}},"line":7},"2":{"name":"(anonymous_2)","decl":{"start":{"line":8,"column":37},"end":{"line":8,"column":38}},"loc":{"start":{"line":8,"column":43},"end":{"line":10,"column":9}},"line":8},"3":{"name":"(anonymous_3)","decl":{"start":{"line":11,"column":15},"end":{"line":11,"column":16}},"loc":{"start":{"line":11,"column":21},"end":{"line":11,"column":44}},"line":11},"4":{"name":"(anonymous_4)","decl":{"start":{"line":14,"column":26},"end":{"line":14,"column":27}},"loc":{"start":{"line":14,"column":32},"end":{"line":16,"column":5}},"line":14},"5":{"name":"(anonymous_5)","decl":{"start":{"line":15,"column":30},"end":{"line":15,"column":31}},"loc":{"start":{"line":15,"column":54},"end":{"line":15,"column":73}},"line":15}},"branchMap":{"0":{"loc":{"start":{"line":19,"column":49},"end":{"line":19,"column":88}},"type":"cond-expr","locations":[{"start":{"line":19,"column":70},"end":{"line":19,"column":83}},{"start":{"line":19,"column":86},"end":{"line":19,"column":88}}],"line":19}},"s":{"0":9,"1":5,"2":5,"3":2,"4":2,"5":2,"6":2,"7":5,"8":2,"9":2,"10":5},"f":{"0":5,"1":2,"2":2,"3":2,"4":2,"5":2},"b":{"0":[4,1]},"_coverageSchema":"43e27e138ebf9cfc5966b082cf9a028302ed4184","hash":"391d19f17a624df53096e7835f266c33fbecc23d"}
,"/Users/luilucena/Documents/React-Project/frontend-test-master/src/components/DisableOverlay/index.js": {"path":"/Users/luilucena/Documents/React-Project/frontend-test-master/src/components/DisableOverlay/index.js","statementMap":{"0":{"start":{"line":3,"column":23},"end":{"line":8,"column":1}},"1":{"start":{"line":4,"column":4},"end":{"line":6,"column":5}},"2":{"start":{"line":5,"column":8},"end":{"line":5,"column":50}},"3":{"start":{"line":7,"column":4},"end":{"line":7,"column":15}}},"fnMap":{"0":{"name":"(anonymous_0)","decl":{"start":{"line":3,"column":23},"end":{"line":3,"column":24}},"loc":{"start":{"line":3,"column":39},"end":{"line":8,"column":1}},"line":3}},"branchMap":{"0":{"loc":{"start":{"line":4,"column":4},"end":{"line":6,"column":5}},"type":"if","locations":[{"start":{"line":4,"column":4},"end":{"line":6,"column":5}},{"start":{"line":4,"column":4},"end":{"line":6,"column":5}}],"line":4}},"s":{"0":9,"1":40,"2":5,"3":35},"f":{"0":40},"b":{"0":[5,35]},"_coverageSchema":"43e27e138ebf9cfc5966b082cf9a028302ed4184","hash":"f10fcc82b946771f429fbd92c1d0fba5a3e9c7e6"}
,"/Users/luilucena/Documents/React-Project/frontend-test-master/src/components/Footer/index.js": {"path":"/Users/luilucena/Documents/React-Project/frontend-test-master/src/components/Footer/index.js","statementMap":{"0":{"start":{"line":11,"column":15},"end":{"line":52,"column":1}},"1":{"start":{"line":12,"column":21},"end":{"line":12,"column":34}},"2":{"start":{"line":13,"column":72},"end":{"line":18,"column":7}},"3":{"start":{"line":13,"column":94},"end":{"line":18,"column":5}},"4":{"start":{"line":15,"column":58},"end":{"line":15,"column":94}},"5":{"start":{"line":20,"column":33},"end":{"line":20,"column":95}},"6":{"start":{"line":20,"column":51},"end":{"line":20,"column":82}},"7":{"start":{"line":22,"column":32},"end":{"line":22,"column":93}},"8":{"start":{"line":22,"column":50},"end":{"line":22,"column":80}},"9":{"start":{"line":24,"column":48},"end":{"line":24,"column":125}},"10":{"start":{"line":24,"column":66},"end":{"line":24,"column":112}},"11":{"start":{"line":26,"column":40},"end":{"line":26,"column":109}},"12":{"start":{"line":26,"column":58},"end":{"line":26,"column":96}},"13":{"start":{"line":28,"column":4},"end":{"line":51,"column":5}}},"fnMap":{"0":{"name":"(anonymous_0)","decl":{"start":{"line":11,"column":15},"end":{"line":11,"column":16}},"loc":{"start":{"line":11,"column":21},"end":{"line":52,"column":1}},"line":11},"1":{"name":"(anonymous_1)","decl":{"start":{"line":13,"column":84},"end":{"line":13,"column":85}},"loc":{"start":{"line":13,"column":94},"end":{"line":18,"column":5}},"line":13},"2":{"name":"(anonymous_2)","decl":{"start":{"line":15,"column":45},"end":{"line":15,"column":46}},"loc":{"start":{"line":15,"column":58},"end":{"line":15,"column":94}},"line":15},"3":{"name":"(anonymous_3)","decl":{"start":{"line":20,"column":45},"end":{"line":20,"column":46}},"loc":{"start":{"line":20,"column":51},"end":{"line":20,"column":82}},"line":20},"4":{"name":"(anonymous_4)","decl":{"start":{"line":22,"column":44},"end":{"line":22,"column":45}},"loc":{"start":{"line":22,"column":50},"end":{"line":22,"column":80}},"line":22},"5":{"name":"(anonymous_5)","decl":{"start":{"line":24,"column":60},"end":{"line":24,"column":61}},"loc":{"start":{"line":24,"column":66},"end":{"line":24,"column":112}},"line":24},"6":{"name":"(anonymous_6)","decl":{"start":{"line":26,"column":52},"end":{"line":26,"column":53}},"loc":{"start":{"line":26,"column":58},"end":{"line":26,"column":96}},"line":26}},"branchMap":{"0":{"loc":{"start":{"line":15,"column":25},"end":{"line":15,"column":101}},"type":"binary-expr","locations":[{"start":{"line":15,"column":25},"end":{"line":15,"column":95}},{"start":{"line":15,"column":99},"end":{"line":15,"column":101}}],"line":15},"1":{"loc":{"start":{"line":16,"column":18},"end":{"line":16,"column":98}},"type":"binary-expr","locations":[{"start":{"line":16,"column":19},"end":{"line":16,"column":46}},{"start":{"line":16,"column":50},"end":{"line":16,"column":80}},{"start":{"line":16,"column":85},"end":{"line":16,"column":98}}],"line":16},"2":{"loc":{"start":{"line":29,"column":34},"end":{"line":29,"column":60}},"type":"cond-expr","locations":[{"start":{"line":29,"column":45},"end":{"line":29,"column":55}},{"start":{"line":29,"column":58},"end":{"line":29,"column":60}}],"line":29},"3":{"loc":{"start":{"line":31,"column":65},"end":{"line":31,"column":107}},"type":"cond-expr","locations":[{"start":{"line":31,"column":94},"end":{"line":31,"column":102}},{"start":{"line":31,"column":105},"end":{"line":31,"column":107}}],"line":31},"4":{"loc":{"start":{"line":37,"column":25},"end":{"line":38,"column":89}},"type":"binary-expr","locations":[{"start":{"line":37,"column":25},"end":{"line":37,"column":36}},{"start":{"line":38,"column":24},"end":{"line":38,"column":89}}],"line":37}},"s":{"0":8,"1":22,"2":22,"3":33,"4":15,"5":22,"6":1,"7":22,"8":2,"9":22,"10":1,"11":22,"12":1,"13":22},"f":{"0":22,"1":33,"2":15,"3":1,"4":2,"5":1,"6":1},"b":{"0":[33,18],"1":[33,3,30],"2":[4,18],"3":[12,10],"4":[22,4]},"_coverageSchema":"43e27e138ebf9cfc5966b082cf9a028302ed4184","hash":"2e635230767b3a23a957fbe692c475a3c795d42c"}
,"/Users/luilucena/Documents/React-Project/frontend-test-master/src/components/Footer/Tooltip/index.js": {"path":"/Users/luilucena/Documents/React-Project/frontend-test-master/src/components/Footer/Tooltip/index.js","statementMap":{"0":{"start":{"line":4,"column":16},"end":{"line":47,"column":1}},"1":{"start":{"line":5,"column":29},"end":{"line":5,"column":34}},"2":{"start":{"line":6,"column":24},"end":{"line":6,"column":36}},"3":{"start":{"line":8,"column":4},"end":{"line":11,"column":11}},"4":{"start":{"line":9,"column":8},"end":{"line":9,"column":91}},"5":{"start":{"line":9,"column":25},"end":{"line":9,"column":84}},"6":{"start":{"line":10,"column":8},"end":{"line":10,"column":84}},"7":{"start":{"line":10,"column":21},"end":{"line":10,"column":83}},"8":{"start":{"line":13,"column":38},"end":{"line":18,"column":5}},"9":{"start":{"line":14,"column":31},"end":{"line":14,"column":65}},"10":{"start":{"line":15,"column":8},"end":{"line":17,"column":9}},"11":{"start":{"line":16,"column":12},"end":{"line":16,"column":20}},"12":{"start":{"line":20,"column":28},"end":{"line":24,"column":5}},"13":{"start":{"line":21,"column":8},"end":{"line":21,"column":37}},"14":{"start":{"line":22,"column":8},"end":{"line":22,"column":37}},"15":{"start":{"line":23,"column":8},"end":{"line":23,"column":39}},"16":{"start":{"line":23,"column":25},"end":{"line":23,"column":32}},"17":{"start":{"line":26,"column":4},"end":{"line":46,"column":5}}},"fnMap":{"0":{"name":"(anonymous_0)","decl":{"start":{"line":4,"column":16},"end":{"line":4,"column":17}},"loc":{"start":{"line":4,"column":27},"end":{"line":47,"column":1}},"line":4},"1":{"name":"(anonymous_1)","decl":{"start":{"line":8,"column":14},"end":{"line":8,"column":15}},"loc":{"start":{"line":8,"column":20},"end":{"line":11,"column":5}},"line":8},"2":{"name":"(anonymous_2)","decl":{"start":{"line":9,"column":19},"end":{"line":9,"column":20}},"loc":{"start":{"line":9,"column":25},"end":{"line":9,"column":84}},"line":9},"3":{"name":"(anonymous_3)","decl":{"start":{"line":10,"column":15},"end":{"line":10,"column":16}},"loc":{"start":{"line":10,"column":21},"end":{"line":10,"column":83}},"line":10},"4":{"name":"(anonymous_4)","decl":{"start":{"line":13,"column":38},"end":{"line":13,"column":39}},"loc":{"start":{"line":13,"column":45},"end":{"line":18,"column":5}},"line":13},"5":{"name":"(anonymous_5)","decl":{"start":{"line":20,"column":28},"end":{"line":20,"column":29}},"loc":{"start":{"line":20,"column":34},"end":{"line":24,"column":5}},"line":20},"6":{"name":"(anonymous_6)","decl":{"start":{"line":23,"column":19},"end":{"line":23,"column":20}},"loc":{"start":{"line":23,"column":25},"end":{"line":23,"column":32}},"line":23}},"branchMap":{"0":{"loc":{"start":{"line":15,"column":8},"end":{"line":17,"column":9}},"type":"if","locations":[{"start":{"line":15,"column":8},"end":{"line":17,"column":9}},{"start":{"line":15,"column":8},"end":{"line":17,"column":9}}],"line":15}},"s":{"0":9,"1":7,"2":7,"3":7,"4":5,"5":4,"6":5,"7":5,"8":7,"9":3,"10":3,"11":2,"12":7,"13":2,"14":2,"15":2,"16":2,"17":7},"f":{"0":7,"1":5,"2":4,"3":5,"4":3,"5":2,"6":2},"b":{"0":[2,1]},"_coverageSchema":"43e27e138ebf9cfc5966b082cf9a028302ed4184","hash":"da89b180e7e35f190757eba7de547a3d95ea27b3"}
,"/Users/luilucena/Documents/React-Project/frontend-test-master/src/components/Modals/AddCounterModal/index.js": {"path":"/Users/luilucena/Documents/React-Project/frontend-test-master/src/components/Modals/AddCounterModal/index.js","statementMap":{"0":{"start":{"line":8,"column":24},"end":{"line":66,"column":1}},"1":{"start":{"line":9,"column":21},"end":{"line":9,"column":34}},"2":{"start":{"line":10,"column":44},"end":{"line":14,"column":7}},"3":{"start":{"line":10,"column":66},"end":{"line":14,"column":5}},"4":{"start":{"line":16,"column":29},"end":{"line":21,"column":27}},"5":{"start":{"line":17,"column":8},"end":{"line":20,"column":9}},"6":{"start":{"line":18,"column":12},"end":{"line":18,"column":52}},"7":{"start":{"line":19,"column":12},"end":{"line":19,"column":44}},"8":{"start":{"line":23,"column":31},"end":{"line":23,"column":98}},"9":{"start":{"line":23,"column":56},"end":{"line":23,"column":85}},"10":{"start":{"line":25,"column":38},"end":{"line":25,"column":106}},"11":{"start":{"line":25,"column":60},"end":{"line":25,"column":93}},"12":{"start":{"line":27,"column":43},"end":{"line":27,"column":115}},"13":{"start":{"line":27,"column":61},"end":{"line":27,"column":102}},"14":{"start":{"line":29,"column":19},"end":{"line":40,"column":5}},"15":{"start":{"line":30,"column":8},"end":{"line":39,"column":9}},"16":{"start":{"line":34,"column":64},"end":{"line":34,"column":98}},"17":{"start":{"line":42,"column":20},"end":{"line":51,"column":5}},"18":{"start":{"line":43,"column":8},"end":{"line":50,"column":9}},"19":{"start":{"line":53,"column":4},"end":{"line":65,"column":5}}},"fnMap":{"0":{"name":"(anonymous_0)","decl":{"start":{"line":8,"column":24},"end":{"line":8,"column":25}},"loc":{"start":{"line":8,"column":30},"end":{"line":66,"column":1}},"line":8},"1":{"name":"(anonymous_1)","decl":{"start":{"line":10,"column":56},"end":{"line":10,"column":57}},"loc":{"start":{"line":10,"column":66},"end":{"line":14,"column":5}},"line":10},"2":{"name":"(anonymous_2)","decl":{"start":{"line":16,"column":41},"end":{"line":16,"column":42}},"loc":{"start":{"line":16,"column":47},"end":{"line":21,"column":5}},"line":16},"3":{"name":"(anonymous_3)","decl":{"start":{"line":23,"column":43},"end":{"line":23,"column":44}},"loc":{"start":{"line":23,"column":56},"end":{"line":23,"column":85}},"line":23},"4":{"name":"(anonymous_4)","decl":{"start":{"line":25,"column":50},"end":{"line":25,"column":51}},"loc":{"start":{"line":25,"column":60},"end":{"line":25,"column":93}},"line":25},"5":{"name":"(anonymous_5)","decl":{"start":{"line":27,"column":55},"end":{"line":27,"column":56}},"loc":{"start":{"line":27,"column":61},"end":{"line":27,"column":102}},"line":27},"6":{"name":"(anonymous_6)","decl":{"start":{"line":29,"column":19},"end":{"line":29,"column":20}},"loc":{"start":{"line":29,"column":25},"end":{"line":40,"column":5}},"line":29},"7":{"name":"(anonymous_7)","decl":{"start":{"line":34,"column":58},"end":{"line":34,"column":59}},"loc":{"start":{"line":34,"column":64},"end":{"line":34,"column":98}},"line":34},"8":{"name":"(anonymous_8)","decl":{"start":{"line":42,"column":20},"end":{"line":42,"column":21}},"loc":{"start":{"line":42,"column":26},"end":{"line":51,"column":5}},"line":42}},"branchMap":{"0":{"loc":{"start":{"line":17,"column":8},"end":{"line":20,"column":9}},"type":"if","locations":[{"start":{"line":17,"column":8},"end":{"line":20,"column":9}},{"start":{"line":17,"column":8},"end":{"line":20,"column":9}}],"line":17},"1":{"loc":{"start":{"line":35,"column":34},"end":{"line":35,"column":66}},"type":"binary-expr","locations":[{"start":{"line":35,"column":34},"end":{"line":35,"column":55}},{"start":{"line":35,"column":59},"end":{"line":35,"column":66}}],"line":35},"2":{"loc":{"start":{"line":44,"column":44},"end":{"line":44,"column":69}},"type":"cond-expr","locations":[{"start":{"line":44,"column":54},"end":{"line":44,"column":64}},{"start":{"line":44,"column":67},"end":{"line":44,"column":69}}],"line":44}},"s":{"0":8,"1":22,"2":22,"3":33,"4":22,"5":2,"6":1,"7":1,"8":22,"9":1,"10":22,"11":1,"12":22,"13":1,"14":22,"15":22,"16":1,"17":22,"18":22,"19":22},"f":{"0":22,"1":33,"2":2,"3":1,"4":1,"5":1,"6":22,"7":1,"8":22},"b":{"0":[1,1],"1":[22,12],"2":[4,18]},"_coverageSchema":"43e27e138ebf9cfc5966b082cf9a028302ed4184","hash":"3535f474846073b61bb9b6df7780d1cd69a1cfdb"}
,"/Users/luilucena/Documents/React-Project/frontend-test-master/src/components/Modals/AddCounterModal/InputText/index.js": {"path":"/Users/luilucena/Documents/React-Project/frontend-test-master/src/components/Modals/AddCounterModal/InputText/index.js","statementMap":{"0":{"start":{"line":4,"column":18},"end":{"line":15,"column":1}},"1":{"start":{"line":6,"column":4},"end":{"line":14,"column":5}},"2":{"start":{"line":11,"column":40},"end":{"line":11,"column":74}}},"fnMap":{"0":{"name":"(anonymous_0)","decl":{"start":{"line":4,"column":18},"end":{"line":4,"column":19}},"loc":{"start":{"line":4,"column":29},"end":{"line":15,"column":1}},"line":4},"1":{"name":"(anonymous_1)","decl":{"start":{"line":11,"column":33},"end":{"line":11,"column":34}},"loc":{"start":{"line":11,"column":40},"end":{"line":11,"column":74}},"line":11}},"branchMap":{},"s":{"0":8,"1":9,"2":1},"f":{"0":9,"1":1},"b":{},"_coverageSchema":"43e27e138ebf9cfc5966b082cf9a028302ed4184","hash":"2d84b5f86f9f49caff0963ec24d6fd3f7543252c"}
,"/Users/luilucena/Documents/React-Project/frontend-test-master/src/components/Modals/DeleteConfirmationModal/index.js": {"path":"/Users/luilucena/Documents/React-Project/frontend-test-master/src/components/Modals/DeleteConfirmationModal/index.js","statementMap":{"0":{"start":{"line":5,"column":32},"end":{"line":40,"column":1}},"1":{"start":{"line":6,"column":21},"end":{"line":6,"column":34}},"2":{"start":{"line":7,"column":28},"end":{"line":10,"column":7}},"3":{"start":{"line":7,"column":50},"end":{"line":10,"column":5}},"4":{"start":{"line":8,"column":48},"end":{"line":8,"column":84}},"5":{"start":{"line":12,"column":49},"end":{"line":12,"column":127}},"6":{"start":{"line":12,"column":67},"end":{"line":12,"column":114}},"7":{"start":{"line":14,"column":34},"end":{"line":14,"column":108}},"8":{"start":{"line":14,"column":61},"end":{"line":14,"column":95}},"9":{"start":{"line":16,"column":25},"end":{"line":32,"column":5}},"10":{"start":{"line":17,"column":8},"end":{"line":31,"column":9}},"11":{"start":{"line":26,"column":43},"end":{"line":26,"column":76}},"12":{"start":{"line":33,"column":4},"end":{"line":39,"column":5}}},"fnMap":{"0":{"name":"(anonymous_0)","decl":{"start":{"line":5,"column":32},"end":{"line":5,"column":33}},"loc":{"start":{"line":5,"column":38},"end":{"line":40,"column":1}},"line":5},"1":{"name":"(anonymous_1)","decl":{"start":{"line":7,"column":40},"end":{"line":7,"column":41}},"loc":{"start":{"line":7,"column":50},"end":{"line":10,"column":5}},"line":7},"2":{"name":"(anonymous_2)","decl":{"start":{"line":8,"column":37},"end":{"line":8,"column":38}},"loc":{"start":{"line":8,"column":48},"end":{"line":8,"column":84}},"line":8},"3":{"name":"(anonymous_3)","decl":{"start":{"line":12,"column":61},"end":{"line":12,"column":62}},"loc":{"start":{"line":12,"column":67},"end":{"line":12,"column":114}},"line":12},"4":{"name":"(anonymous_4)","decl":{"start":{"line":14,"column":46},"end":{"line":14,"column":47}},"loc":{"start":{"line":14,"column":61},"end":{"line":14,"column":95}},"line":14},"5":{"name":"(anonymous_5)","decl":{"start":{"line":16,"column":25},"end":{"line":16,"column":26}},"loc":{"start":{"line":16,"column":31},"end":{"line":32,"column":5}},"line":16},"6":{"name":"(anonymous_6)","decl":{"start":{"line":26,"column":37},"end":{"line":26,"column":38}},"loc":{"start":{"line":26,"column":43},"end":{"line":26,"column":76}},"line":26}},"branchMap":{"0":{"loc":{"start":{"line":19,"column":57},"end":{"line":19,"column":85}},"type":"cond-expr","locations":[{"start":{"line":19,"column":67},"end":{"line":19,"column":80}},{"start":{"line":19,"column":83},"end":{"line":19,"column":85}}],"line":19},"1":{"loc":{"start":{"line":34,"column":45},"end":{"line":34,"column":63}},"type":"cond-expr","locations":[{"start":{"line":34,"column":52},"end":{"line":34,"column":58}},{"start":{"line":34,"column":61},"end":{"line":34,"column":63}}],"line":34}},"s":{"0":8,"1":10,"2":10,"3":15,"4":3,"5":10,"6":1,"7":10,"8":1,"9":10,"10":10,"11":1,"12":10},"f":{"0":10,"1":15,"2":3,"3":1,"4":1,"5":10,"6":1},"b":{"0":[2,8],"1":[6,4]},"_coverageSchema":"43e27e138ebf9cfc5966b082cf9a028302ed4184","hash":"9b60499c6b687435c41511a2c00cd8dec2769e69"}
,"/Users/luilucena/Documents/React-Project/frontend-test-master/src/components/Modals/ErrorModal/index.js": {"path":"/Users/luilucena/Documents/React-Project/frontend-test-master/src/components/Modals/ErrorModal/index.js","statementMap":{"0":{"start":{"line":9,"column":19},"end":{"line":85,"column":1}},"1":{"start":{"line":10,"column":21},"end":{"line":10,"column":34}},"2":{"start":{"line":11,"column":45},"end":{"line":15,"column":7}},"3":{"start":{"line":11,"column":67},"end":{"line":15,"column":5}},"4":{"start":{"line":12,"column":48},"end":{"line":12,"column":84}},"5":{"start":{"line":17,"column":34},"end":{"line":17,"column":108}},"6":{"start":{"line":17,"column":61},"end":{"line":17,"column":95}},"7":{"start":{"line":19,"column":36},"end":{"line":19,"column":113}},"8":{"start":{"line":19,"column":63},"end":{"line":19,"column":100}},"9":{"start":{"line":21,"column":37},"end":{"line":21,"column":114}},"10":{"start":{"line":21,"column":64},"end":{"line":21,"column":101}},"11":{"start":{"line":23,"column":36},"end":{"line":23,"column":122}},"12":{"start":{"line":23,"column":54},"end":{"line":23,"column":109}},"13":{"start":{"line":23,"column":71},"end":{"line":23,"column":105}},"14":{"start":{"line":25,"column":21},"end":{"line":38,"column":5}},"15":{"start":{"line":26,"column":8},"end":{"line":37,"column":9}},"16":{"start":{"line":28,"column":16},"end":{"line":28,"column":60}},"17":{"start":{"line":30,"column":16},"end":{"line":30,"column":49}},"18":{"start":{"line":32,"column":16},"end":{"line":32,"column":84}},"19":{"start":{"line":34,"column":16},"end":{"line":34,"column":84}},"20":{"start":{"line":36,"column":16},"end":{"line":36,"column":46}},"21":{"start":{"line":40,"column":28},"end":{"line":67,"column":5}},"22":{"start":{"line":42,"column":8},"end":{"line":54,"column":9}},"23":{"start":{"line":44,"column":16},"end":{"line":44,"column":58}},"24":{"start":{"line":45,"column":16},"end":{"line":45,"column":22}},"25":{"start":{"line":47,"column":16},"end":{"line":47,"column":60}},"26":{"start":{"line":48,"column":16},"end":{"line":48,"column":22}},"27":{"start":{"line":50,"column":16},"end":{"line":50,"column":61}},"28":{"start":{"line":51,"column":16},"end":{"line":51,"column":22}},"29":{"start":{"line":53,"column":16},"end":{"line":53,"column":21}},"30":{"start":{"line":55,"column":8},"end":{"line":66,"column":9}},"31":{"start":{"line":58,"column":64},"end":{"line":58,"column":114}},"32":{"start":{"line":58,"column":81},"end":{"line":58,"column":110}},"33":{"start":{"line":69,"column":25},"end":{"line":77,"column":5}},"34":{"start":{"line":70,"column":8},"end":{"line":76,"column":9}},"35":{"start":{"line":78,"column":4},"end":{"line":84,"column":5}}},"fnMap":{"0":{"name":"(anonymous_0)","decl":{"start":{"line":9,"column":19},"end":{"line":9,"column":20}},"loc":{"start":{"line":9,"column":25},"end":{"line":85,"column":1}},"line":9},"1":{"name":"(anonymous_1)","decl":{"start":{"line":11,"column":57},"end":{"line":11,"column":58}},"loc":{"start":{"line":11,"column":67},"end":{"line":15,"column":5}},"line":11},"2":{"name":"(anonymous_2)","decl":{"start":{"line":12,"column":37},"end":{"line":12,"column":38}},"loc":{"start":{"line":12,"column":48},"end":{"line":12,"column":84}},"line":12},"3":{"name":"(anonymous_3)","decl":{"start":{"line":17,"column":46},"end":{"line":17,"column":47}},"loc":{"start":{"line":17,"column":61},"end":{"line":17,"column":95}},"line":17},"4":{"name":"(anonymous_4)","decl":{"start":{"line":19,"column":48},"end":{"line":19,"column":49}},"loc":{"start":{"line":19,"column":63},"end":{"line":19,"column":100}},"line":19},"5":{"name":"(anonymous_5)","decl":{"start":{"line":21,"column":49},"end":{"line":21,"column":50}},"loc":{"start":{"line":21,"column":64},"end":{"line":21,"column":101}},"line":21},"6":{"name":"(anonymous_6)","decl":{"start":{"line":23,"column":48},"end":{"line":23,"column":49}},"loc":{"start":{"line":23,"column":54},"end":{"line":23,"column":109}},"line":23},"7":{"name":"(anonymous_7)","decl":{"start":{"line":23,"column":65},"end":{"line":23,"column":66}},"loc":{"start":{"line":23,"column":71},"end":{"line":23,"column":105}},"line":23},"8":{"name":"(anonymous_8)","decl":{"start":{"line":25,"column":21},"end":{"line":25,"column":22}},"loc":{"start":{"line":25,"column":27},"end":{"line":38,"column":5}},"line":25},"9":{"name":"(anonymous_9)","decl":{"start":{"line":40,"column":28},"end":{"line":40,"column":29}},"loc":{"start":{"line":40,"column":34},"end":{"line":67,"column":5}},"line":40},"10":{"name":"(anonymous_10)","decl":{"start":{"line":58,"column":58},"end":{"line":58,"column":59}},"loc":{"start":{"line":58,"column":64},"end":{"line":58,"column":114}},"line":58},"11":{"name":"(anonymous_11)","decl":{"start":{"line":58,"column":75},"end":{"line":58,"column":76}},"loc":{"start":{"line":58,"column":81},"end":{"line":58,"column":110}},"line":58},"12":{"name":"(anonymous_12)","decl":{"start":{"line":69,"column":25},"end":{"line":69,"column":26}},"loc":{"start":{"line":69,"column":31},"end":{"line":77,"column":5}},"line":69}},"branchMap":{"0":{"loc":{"start":{"line":12,"column":17},"end":{"line":12,"column":91}},"type":"binary-expr","locations":[{"start":{"line":12,"column":17},"end":{"line":12,"column":85}},{"start":{"line":12,"column":89},"end":{"line":12,"column":91}}],"line":12},"1":{"loc":{"start":{"line":26,"column":8},"end":{"line":37,"column":9}},"type":"switch","locations":[{"start":{"line":27,"column":12},"end":{"line":28,"column":60}},{"start":{"line":29,"column":12},"end":{"line":30,"column":49}},{"start":{"line":31,"column":12},"end":{"line":32,"column":84}},{"start":{"line":33,"column":12},"end":{"line":34,"column":84}},{"start":{"line":35,"column":12},"end":{"line":36,"column":46}}],"line":26},"2":{"loc":{"start":{"line":42,"column":8},"end":{"line":54,"column":9}},"type":"switch","locations":[{"start":{"line":43,"column":12},"end":{"line":45,"column":22}},{"start":{"line":46,"column":12},"end":{"line":48,"column":22}},{"start":{"line":49,"column":12},"end":{"line":51,"column":22}},{"start":{"line":52,"column":12},"end":{"line":53,"column":21}}],"line":42},"3":{"loc":{"start":{"line":57,"column":17},"end":{"line":59,"column":34}},"type":"binary-expr","locations":[{"start":{"line":57,"column":17},"end":{"line":57,"column":54}},{"start":{"line":58,"column":16},"end":{"line":59,"column":34}}],"line":57},"4":{"loc":{"start":{"line":61,"column":35},"end":{"line":61,"column":107}},"type":"cond-expr","locations":[{"start":{"line":61,"column":75},"end":{"line":61,"column":92}},{"start":{"line":61,"column":95},"end":{"line":61,"column":107}}],"line":61},"5":{"loc":{"start":{"line":79,"column":45},"end":{"line":79,"column":63}},"type":"cond-expr","locations":[{"start":{"line":79,"column":52},"end":{"line":79,"column":58}},{"start":{"line":79,"column":61},"end":{"line":79,"column":63}}],"line":79}},"s":{"0":8,"1":22,"2":22,"3":33,"4":24,"5":22,"6":1,"7":22,"8":1,"9":22,"10":1,"11":22,"12":4,"13":4,"14":22,"15":22,"16":4,"17":4,"18":4,"19":4,"20":6,"21":22,"22":22,"23":4,"24":4,"25":4,"26":4,"27":4,"28":4,"29":10,"30":22,"31":3,"32":3,"33":22,"34":22,"35":22},"f":{"0":22,"1":33,"2":24,"3":1,"4":1,"5":1,"6":4,"7":4,"8":22,"9":22,"10":3,"11":3,"12":22},"b":{"0":[33,9],"1":[4,4,4,4,6],"2":[4,4,4,10],"3":[22,18],"4":[18,4],"5":[18,4]},"_coverageSchema":"43e27e138ebf9cfc5966b082cf9a028302ed4184","hash":"d4b300b64441b1954a26ced5a512d5e596dd0be5"}
,"/Users/luilucena/Documents/React-Project/frontend-test-master/src/components/Modals/NamesExamplesModal/index.js": {"path":"/Users/luilucena/Documents/React-Project/frontend-test-master/src/components/Modals/NamesExamplesModal/index.js","statementMap":{"0":{"start":{"line":8,"column":27},"end":{"line":75,"column":1}},"1":{"start":{"line":9,"column":21},"end":{"line":9,"column":34}},"2":{"start":{"line":10,"column":17},"end":{"line":10,"column":67}},"3":{"start":{"line":10,"column":38},"end":{"line":10,"column":66}},"4":{"start":{"line":11,"column":29},"end":{"line":15,"column":5}},"5":{"start":{"line":17,"column":34},"end":{"line":20,"column":18}},"6":{"start":{"line":18,"column":8},"end":{"line":18,"column":48}},"7":{"start":{"line":19,"column":8},"end":{"line":19,"column":51}},"8":{"start":{"line":22,"column":44},"end":{"line":22,"column":117}},"9":{"start":{"line":22,"column":62},"end":{"line":22,"column":104}},"10":{"start":{"line":24,"column":19},"end":{"line":31,"column":5}},"11":{"start":{"line":25,"column":8},"end":{"line":30,"column":10}},"12":{"start":{"line":33,"column":34},"end":{"line":46,"column":5}},"13":{"start":{"line":34,"column":8},"end":{"line":45,"column":9}},"14":{"start":{"line":40,"column":70},"end":{"line":40,"column":96}},"15":{"start":{"line":48,"column":27},"end":{"line":55,"column":5}},"16":{"start":{"line":49,"column":8},"end":{"line":54,"column":9}},"17":{"start":{"line":51,"column":32},"end":{"line":51,"column":65}},"18":{"start":{"line":56,"column":20},"end":{"line":63,"column":5}},"19":{"start":{"line":57,"column":8},"end":{"line":62,"column":9}},"20":{"start":{"line":60,"column":52},"end":{"line":60,"column":83}},"21":{"start":{"line":64,"column":4},"end":{"line":74,"column":13}}},"fnMap":{"0":{"name":"(anonymous_0)","decl":{"start":{"line":8,"column":27},"end":{"line":8,"column":28}},"loc":{"start":{"line":8,"column":33},"end":{"line":75,"column":1}},"line":8},"1":{"name":"(anonymous_1)","decl":{"start":{"line":10,"column":29},"end":{"line":10,"column":30}},"loc":{"start":{"line":10,"column":38},"end":{"line":10,"column":66}},"line":10},"2":{"name":"(anonymous_2)","decl":{"start":{"line":17,"column":46},"end":{"line":17,"column":47}},"loc":{"start":{"line":17,"column":62},"end":{"line":20,"column":5}},"line":17},"3":{"name":"(anonymous_3)","decl":{"start":{"line":22,"column":56},"end":{"line":22,"column":57}},"loc":{"start":{"line":22,"column":62},"end":{"line":22,"column":104}},"line":22},"4":{"name":"(anonymous_4)","decl":{"start":{"line":24,"column":19},"end":{"line":24,"column":20}},"loc":{"start":{"line":24,"column":25},"end":{"line":31,"column":5}},"line":24},"5":{"name":"(anonymous_5)","decl":{"start":{"line":33,"column":34},"end":{"line":33,"column":35}},"loc":{"start":{"line":33,"column":48},"end":{"line":46,"column":5}},"line":33},"6":{"name":"(anonymous_6)","decl":{"start":{"line":40,"column":54},"end":{"line":40,"column":55}},"loc":{"start":{"line":40,"column":70},"end":{"line":40,"column":96}},"line":40},"7":{"name":"(anonymous_7)","decl":{"start":{"line":48,"column":27},"end":{"line":48,"column":28}},"loc":{"start":{"line":48,"column":43},"end":{"line":55,"column":5}},"line":48},"8":{"name":"(anonymous_8)","decl":{"start":{"line":51,"column":26},"end":{"line":51,"column":27}},"loc":{"start":{"line":51,"column":32},"end":{"line":51,"column":65}},"line":51},"9":{"name":"(anonymous_9)","decl":{"start":{"line":56,"column":20},"end":{"line":56,"column":21}},"loc":{"start":{"line":56,"column":26},"end":{"line":63,"column":5}},"line":56},"10":{"name":"(anonymous_10)","decl":{"start":{"line":60,"column":38},"end":{"line":60,"column":39}},"loc":{"start":{"line":60,"column":52},"end":{"line":60,"column":83}},"line":60}},"branchMap":{},"s":{"0":8,"1":5,"2":5,"3":10,"4":5,"5":5,"6":1,"7":1,"8":5,"9":1,"10":5,"11":5,"12":5,"13":15,"14":45,"15":5,"16":45,"17":1,"18":5,"19":5,"20":15,"21":5},"f":{"0":5,"1":10,"2":1,"3":1,"4":5,"5":15,"6":45,"7":45,"8":1,"9":5,"10":15},"b":{},"_coverageSchema":"43e27e138ebf9cfc5966b082cf9a028302ed4184","hash":"eb980c253853d98c5a57bb06195490bf528d1ad9"}
,"/Users/luilucena/Documents/React-Project/frontend-test-master/src/components/SearchBar/index.js": {"path":"/Users/luilucena/Documents/React-Project/frontend-test-master/src/components/SearchBar/index.js","statementMap":{"0":{"start":{"line":7,"column":18},"end":{"line":45,"column":1}},"1":{"start":{"line":8,"column":21},"end":{"line":8,"column":34}},"2":{"start":{"line":9,"column":37},"end":{"line":12,"column":7}},"3":{"start":{"line":9,"column":59},"end":{"line":12,"column":5}},"4":{"start":{"line":14,"column":26},"end":{"line":16,"column":5}},"5":{"start":{"line":15,"column":8},"end":{"line":15,"column":46}},"6":{"start":{"line":18,"column":25},"end":{"line":22,"column":5}},"7":{"start":{"line":19,"column":8},"end":{"line":21,"column":9}},"8":{"start":{"line":20,"column":12},"end":{"line":20,"column":51}},"9":{"start":{"line":24,"column":25},"end":{"line":27,"column":5}},"10":{"start":{"line":25,"column":8},"end":{"line":25,"column":42}},"11":{"start":{"line":26,"column":8},"end":{"line":26,"column":47}},"12":{"start":{"line":29,"column":29},"end":{"line":31,"column":5}},"13":{"start":{"line":30,"column":8},"end":{"line":30,"column":54}},"14":{"start":{"line":33,"column":4},"end":{"line":44,"column":5}}},"fnMap":{"0":{"name":"(anonymous_0)","decl":{"start":{"line":7,"column":18},"end":{"line":7,"column":19}},"loc":{"start":{"line":7,"column":24},"end":{"line":45,"column":1}},"line":7},"1":{"name":"(anonymous_1)","decl":{"start":{"line":9,"column":49},"end":{"line":9,"column":50}},"loc":{"start":{"line":9,"column":59},"end":{"line":12,"column":5}},"line":9},"2":{"name":"(anonymous_2)","decl":{"start":{"line":14,"column":26},"end":{"line":14,"column":27}},"loc":{"start":{"line":14,"column":32},"end":{"line":16,"column":5}},"line":14},"3":{"name":"(anonymous_3)","decl":{"start":{"line":18,"column":25},"end":{"line":18,"column":26}},"loc":{"start":{"line":18,"column":31},"end":{"line":22,"column":5}},"line":18},"4":{"name":"(anonymous_4)","decl":{"start":{"line":24,"column":25},"end":{"line":24,"column":26}},"loc":{"start":{"line":24,"column":31},"end":{"line":27,"column":5}},"line":24},"5":{"name":"(anonymous_5)","decl":{"start":{"line":29,"column":29},"end":{"line":29,"column":30}},"loc":{"start":{"line":29,"column":36},"end":{"line":31,"column":5}},"line":29}},"branchMap":{"0":{"loc":{"start":{"line":10,"column":18},"end":{"line":10,"column":110}},"type":"binary-expr","locations":[{"start":{"line":10,"column":18},"end":{"line":10,"column":45}},{"start":{"line":10,"column":49},"end":{"line":10,"column":62}},{"start":{"line":10,"column":66},"end":{"line":10,"column":110}}],"line":10},"1":{"loc":{"start":{"line":19,"column":8},"end":{"line":21,"column":9}},"type":"if","locations":[{"start":{"line":19,"column":8},"end":{"line":21,"column":9}},{"start":{"line":19,"column":8},"end":{"line":21,"column":9}}],"line":19},"2":{"loc":{"start":{"line":35,"column":41},"end":{"line":35,"column":68}},"type":"cond-expr","locations":[{"start":{"line":35,"column":52},"end":{"line":35,"column":63}},{"start":{"line":35,"column":66},"end":{"line":35,"column":68}}],"line":35},"3":{"loc":{"start":{"line":35,"column":72},"end":{"line":35,"column":108}},"type":"cond-expr","locations":[{"start":{"line":35,"column":96},"end":{"line":35,"column":103}},{"start":{"line":35,"column":106},"end":{"line":35,"column":108}}],"line":35},"4":{"loc":{"start":{"line":41,"column":13},"end":{"line":42,"column":85}},"type":"binary-expr","locations":[{"start":{"line":41,"column":14},"end":{"line":41,"column":35}},{"start":{"line":42,"column":12},"end":{"line":42,"column":85}}],"line":41}},"s":{"0":8,"1":22,"2":22,"3":33,"4":22,"5":3,"6":22,"7":2,"8":1,"9":22,"10":1,"11":1,"12":22,"13":1,"14":22},"f":{"0":22,"1":33,"2":3,"3":2,"4":1,"5":1},"b":{"0":[33,24,24],"1":[1,1],"2":[8,14],"3":[10,12],"4":[22,10]},"_coverageSchema":"43e27e138ebf9cfc5966b082cf9a028302ed4184","hash":"426b64f9132cca593e2d05db45d286c17de23e0e"}
,"/Users/luilucena/Documents/React-Project/frontend-test-master/src/pages/MainScreen.js": {"path":"/Users/luilucena/Documents/React-Project/frontend-test-master/src/pages/MainScreen.js","statementMap":{"0":{"start":{"line":12,"column":19},"end":{"line":29,"column":1}},"1":{"start":{"line":13,"column":21},"end":{"line":13,"column":34}},"2":{"start":{"line":14,"column":4},"end":{"line":16,"column":11}},"3":{"start":{"line":15,"column":8},"end":{"line":15,"column":32}},"4":{"start":{"line":18,"column":4},"end":{"line":28,"column":5}}},"fnMap":{"0":{"name":"(anonymous_0)","decl":{"start":{"line":12,"column":19},"end":{"line":12,"column":20}},"loc":{"start":{"line":12,"column":25},"end":{"line":29,"column":1}},"line":12},"1":{"name":"(anonymous_1)","decl":{"start":{"line":14,"column":14},"end":{"line":14,"column":15}},"loc":{"start":{"line":14,"column":20},"end":{"line":16,"column":5}},"line":14}},"branchMap":{},"s":{"0":8,"1":1,"2":1,"3":1,"4":1},"f":{"0":1,"1":1},"b":{},"_coverageSchema":"43e27e138ebf9cfc5966b082cf9a028302ed4184","hash":"375e80dee06a7a170f5efa36520aa46f07121347"}
,"/Users/luilucena/Documents/React-Project/frontend-test-master/src/pages/WelcomeScreen.js": {"path":"/Users/luilucena/Documents/React-Project/frontend-test-master/src/pages/WelcomeScreen.js","statementMap":{"0":{"start":{"line":5,"column":22},"end":{"line":16,"column":1}},"1":{"start":{"line":6,"column":4},"end":{"line":15,"column":5}}},"fnMap":{"0":{"name":"(anonymous_0)","decl":{"start":{"line":5,"column":22},"end":{"line":5,"column":23}},"loc":{"start":{"line":5,"column":28},"end":{"line":16,"column":1}},"line":5}},"branchMap":{},"s":{"0":1,"1":1},"f":{"0":1},"b":{},"_coverageSchema":"43e27e138ebf9cfc5966b082cf9a028302ed4184","hash":"27e04ec93abe25ed2c3cea36c8171cd2515a78c1"}
,"/Users/luilucena/Documents/React-Project/frontend-test-master/src/reducers/index.js": {"path":"/Users/luilucena/Documents/React-Project/frontend-test-master/src/reducers/index.js","statementMap":{"0":{"start":{"line":14,"column":4},"end":{"line":30,"column":5}},"1":{"start":{"line":16,"column":12},"end":{"line":16,"column":35}},"2":{"start":{"line":18,"column":12},"end":{"line":23,"column":15}},"3":{"start":{"line":19,"column":16},"end":{"line":21,"column":17}},"4":{"start":{"line":20,"column":20},"end":{"line":20,"column":35}},"5":{"start":{"line":22,"column":16},"end":{"line":22,"column":38}},"6":{"start":{"line":25,"column":12},"end":{"line":25,"column":46}},"7":{"start":{"line":27,"column":12},"end":{"line":27,"column":77}},"8":{"start":{"line":27,"column":45},"end":{"line":27,"column":76}},"9":{"start":{"line":29,"column":12},"end":{"line":29,"column":24}},"10":{"start":{"line":34,"column":4},"end":{"line":39,"column":5}},"11":{"start":{"line":36,"column":12},"end":{"line":36,"column":36}},"12":{"start":{"line":38,"column":12},"end":{"line":38,"column":25}},"13":{"start":{"line":44,"column":4},"end":{"line":49,"column":5}},"14":{"start":{"line":46,"column":12},"end":{"line":46,"column":38}},"15":{"start":{"line":48,"column":12},"end":{"line":48,"column":25}},"16":{"start":{"line":53,"column":4},"end":{"line":60,"column":5}},"17":{"start":{"line":55,"column":12},"end":{"line":55,"column":32}},"18":{"start":{"line":57,"column":12},"end":{"line":57,"column":24}},"19":{"start":{"line":59,"column":12},"end":{"line":59,"column":25}},"20":{"start":{"line":64,"column":4},"end":{"line":69,"column":5}},"21":{"start":{"line":66,"column":12},"end":{"line":66,"column":37}},"22":{"start":{"line":68,"column":12},"end":{"line":68,"column":25}},"23":{"start":{"line":73,"column":4},"end":{"line":78,"column":5}},"24":{"start":{"line":75,"column":12},"end":{"line":75,"column":34}},"25":{"start":{"line":77,"column":12},"end":{"line":77,"column":25}},"26":{"start":{"line":82,"column":4},"end":{"line":89,"column":5}},"27":{"start":{"line":84,"column":12},"end":{"line":84,"column":73}},"28":{"start":{"line":86,"column":12},"end":{"line":86,"column":65}},"29":{"start":{"line":88,"column":12},"end":{"line":88,"column":25}},"30":{"start":{"line":93,"column":4},"end":{"line":98,"column":5}},"31":{"start":{"line":95,"column":12},"end":{"line":95,"column":31}},"32":{"start":{"line":97,"column":12},"end":{"line":97,"column":25}},"33":{"start":{"line":102,"column":4},"end":{"line":107,"column":5}},"34":{"start":{"line":104,"column":12},"end":{"line":104,"column":31}},"35":{"start":{"line":106,"column":12},"end":{"line":106,"column":25}},"36":{"start":{"line":111,"column":4},"end":{"line":116,"column":5}},"37":{"start":{"line":113,"column":12},"end":{"line":113,"column":31}},"38":{"start":{"line":115,"column":12},"end":{"line":115,"column":25}},"39":{"start":{"line":120,"column":4},"end":{"line":125,"column":5}},"40":{"start":{"line":122,"column":12},"end":{"line":122,"column":31}},"41":{"start":{"line":124,"column":12},"end":{"line":124,"column":25}},"42":{"start":{"line":129,"column":4},"end":{"line":134,"column":5}},"43":{"start":{"line":131,"column":12},"end":{"line":131,"column":31}},"44":{"start":{"line":133,"column":12},"end":{"line":133,"column":25}},"45":{"start":{"line":138,"column":20},"end":{"line":151,"column":2}}},"fnMap":{"0":{"name":"counters","decl":{"start":{"line":13,"column":9},"end":{"line":13,"column":17}},"loc":{"start":{"line":13,"column":38},"end":{"line":31,"column":1}},"line":13},"1":{"name":"(anonymous_1)","decl":{"start":{"line":18,"column":29},"end":{"line":18,"column":30}},"loc":{"start":{"line":18,"column":42},"end":{"line":23,"column":13}},"line":18},"2":{"name":"(anonymous_2)","decl":{"start":{"line":27,"column":32},"end":{"line":27,"column":33}},"loc":{"start":{"line":27,"column":45},"end":{"line":27,"column":76}},"line":27},"3":{"name":"selectedCounter","decl":{"start":{"line":33,"column":9},"end":{"line":33,"column":24}},"loc":{"start":{"line":33,"column":47},"end":{"line":40,"column":1}},"line":33},"4":{"name":"newCounterName","decl":{"start":{"line":43,"column":9},"end":{"line":43,"column":23}},"loc":{"start":{"line":43,"column":44},"end":{"line":50,"column":1}},"line":43},"5":{"name":"connectionError","decl":{"start":{"line":52,"column":9},"end":{"line":52,"column":24}},"loc":{"start":{"line":52,"column":47},"end":{"line":61,"column":1}},"line":52},"6":{"name":"refreshing","decl":{"start":{"line":63,"column":9},"end":{"line":63,"column":19}},"loc":{"start":{"line":63,"column":43},"end":{"line":70,"column":1}},"line":63},"7":{"name":"loading","decl":{"start":{"line":72,"column":9},"end":{"line":72,"column":16}},"loc":{"start":{"line":72,"column":40},"end":{"line":79,"column":1}},"line":72},"8":{"name":"searchFilter","decl":{"start":{"line":81,"column":9},"end":{"line":81,"column":21}},"loc":{"start":{"line":81,"column":67},"end":{"line":90,"column":1}},"line":81},"9":{"name":"openAddCounterModal","decl":{"start":{"line":92,"column":9},"end":{"line":92,"column":28}},"loc":{"start":{"line":92,"column":52},"end":{"line":99,"column":1}},"line":92},"10":{"name":"openNamesExamplesModal","decl":{"start":{"line":101,"column":9},"end":{"line":101,"column":31}},"loc":{"start":{"line":101,"column":55},"end":{"line":108,"column":1}},"line":101},"11":{"name":"openDeleteConfirmationModal","decl":{"start":{"line":110,"column":9},"end":{"line":110,"column":36}},"loc":{"start":{"line":110,"column":60},"end":{"line":117,"column":1}},"line":110},"12":{"name":"openErrorModal","decl":{"start":{"line":119,"column":9},"end":{"line":119,"column":23}},"loc":{"start":{"line":119,"column":47},"end":{"line":126,"column":1}},"line":119},"13":{"name":"showTooltip","decl":{"start":{"line":128,"column":9},"end":{"line":128,"column":20}},"loc":{"start":{"line":128,"column":44},"end":{"line":135,"column":1}},"line":128}},"branchMap":{"0":{"loc":{"start":{"line":13,"column":18},"end":{"line":13,"column":28}},"type":"default-arg","locations":[{"start":{"line":13,"column":26},"end":{"line":13,"column":28}}],"line":13},"1":{"loc":{"start":{"line":14,"column":4},"end":{"line":30,"column":5}},"type":"switch","locations":[{"start":{"line":15,"column":8},"end":{"line":16,"column":35}},{"start":{"line":17,"column":8},"end":{"line":23,"column":15}},{"start":{"line":24,"column":8},"end":{"line":25,"column":46}},{"start":{"line":26,"column":8},"end":{"line":27,"column":77}},{"start":{"line":28,"column":8},"end":{"line":29,"column":24}}],"line":14},"2":{"loc":{"start":{"line":19,"column":16},"end":{"line":21,"column":17}},"type":"if","locations":[{"start":{"line":19,"column":16},"end":{"line":21,"column":17}},{"start":{"line":19,"column":16},"end":{"line":21,"column":17}}],"line":19},"3":{"loc":{"start":{"line":33,"column":25},"end":{"line":33,"column":37}},"type":"default-arg","locations":[{"start":{"line":33,"column":33},"end":{"line":33,"column":37}}],"line":33},"4":{"loc":{"start":{"line":34,"column":4},"end":{"line":39,"column":5}},"type":"switch","locations":[{"start":{"line":35,"column":8},"end":{"line":36,"column":36}},{"start":{"line":37,"column":8},"end":{"line":38,"column":25}}],"line":34},"5":{"loc":{"start":{"line":43,"column":24},"end":{"line":43,"column":34}},"type":"default-arg","locations":[{"start":{"line":43,"column":32},"end":{"line":43,"column":34}}],"line":43},"6":{"loc":{"start":{"line":44,"column":4},"end":{"line":49,"column":5}},"type":"switch","locations":[{"start":{"line":45,"column":8},"end":{"line":46,"column":38}},{"start":{"line":47,"column":8},"end":{"line":48,"column":25}}],"line":44},"7":{"loc":{"start":{"line":52,"column":25},"end":{"line":52,"column":37}},"type":"default-arg","locations":[{"start":{"line":52,"column":33},"end":{"line":52,"column":37}}],"line":52},"8":{"loc":{"start":{"line":53,"column":4},"end":{"line":60,"column":5}},"type":"switch","locations":[{"start":{"line":54,"column":8},"end":{"line":55,"column":32}},{"start":{"line":56,"column":8},"end":{"line":57,"column":24}},{"start":{"line":58,"column":8},"end":{"line":59,"column":25}}],"line":53},"9":{"loc":{"start":{"line":63,"column":20},"end":{"line":63,"column":33}},"type":"default-arg","locations":[{"start":{"line":63,"column":28},"end":{"line":63,"column":33}}],"line":63},"10":{"loc":{"start":{"line":64,"column":4},"end":{"line":69,"column":5}},"type":"switch","locations":[{"start":{"line":65,"column":8},"end":{"line":66,"column":37}},{"start":{"line":67,"column":8},"end":{"line":68,"column":25}}],"line":64},"11":{"loc":{"start":{"line":72,"column":17},"end":{"line":72,"column":30}},"type":"default-arg","locations":[{"start":{"line":72,"column":25},"end":{"line":72,"column":30}}],"line":72},"12":{"loc":{"start":{"line":73,"column":4},"end":{"line":78,"column":5}},"type":"switch","locations":[{"start":{"line":74,"column":8},"end":{"line":75,"column":34}},{"start":{"line":76,"column":8},"end":{"line":77,"column":25}}],"line":73},"13":{"loc":{"start":{"line":81,"column":22},"end":{"line":81,"column":57}},"type":"default-arg","locations":[{"start":{"line":81,"column":30},"end":{"line":81,"column":57}}],"line":81},"14":{"loc":{"start":{"line":82,"column":4},"end":{"line":89,"column":5}},"type":"switch","locations":[{"start":{"line":83,"column":8},"end":{"line":84,"column":73}},{"start":{"line":85,"column":8},"end":{"line":86,"column":65}},{"start":{"line":87,"column":8},"end":{"line":88,"column":25}}],"line":82},"15":{"loc":{"start":{"line":92,"column":29},"end":{"line":92,"column":42}},"type":"default-arg","locations":[{"start":{"line":92,"column":37},"end":{"line":92,"column":42}}],"line":92},"16":{"loc":{"start":{"line":93,"column":4},"end":{"line":98,"column":5}},"type":"switch","locations":[{"start":{"line":94,"column":8},"end":{"line":95,"column":31}},{"start":{"line":96,"column":8},"end":{"line":97,"column":25}}],"line":93},"17":{"loc":{"start":{"line":101,"column":32},"end":{"line":101,"column":45}},"type":"default-arg","locations":[{"start":{"line":101,"column":40},"end":{"line":101,"column":45}}],"line":101},"18":{"loc":{"start":{"line":102,"column":4},"end":{"line":107,"column":5}},"type":"switch","locations":[{"start":{"line":103,"column":8},"end":{"line":104,"column":31}},{"start":{"line":105,"column":8},"end":{"line":106,"column":25}}],"line":102},"19":{"loc":{"start":{"line":110,"column":37},"end":{"line":110,"column":50}},"type":"default-arg","locations":[{"start":{"line":110,"column":45},"end":{"line":110,"column":50}}],"line":110},"20":{"loc":{"start":{"line":111,"column":4},"end":{"line":116,"column":5}},"type":"switch","locations":[{"start":{"line":112,"column":8},"end":{"line":113,"column":31}},{"start":{"line":114,"column":8},"end":{"line":115,"column":25}}],"line":111},"21":{"loc":{"start":{"line":119,"column":24},"end":{"line":119,"column":37}},"type":"default-arg","locations":[{"start":{"line":119,"column":32},"end":{"line":119,"column":37}}],"line":119},"22":{"loc":{"start":{"line":120,"column":4},"end":{"line":125,"column":5}},"type":"switch","locations":[{"start":{"line":121,"column":8},"end":{"line":122,"column":31}},{"start":{"line":123,"column":8},"end":{"line":124,"column":25}}],"line":120},"23":{"loc":{"start":{"line":128,"column":21},"end":{"line":128,"column":34}},"type":"default-arg","locations":[{"start":{"line":128,"column":29},"end":{"line":128,"column":34}}],"line":128},"24":{"loc":{"start":{"line":129,"column":4},"end":{"line":134,"column":5}},"type":"switch","locations":[{"start":{"line":130,"column":8},"end":{"line":131,"column":31}},{"start":{"line":132,"column":8},"end":{"line":133,"column":25}}],"line":129}},"s":{"0":109,"1":1,"2":1,"3":2,"4":1,"5":1,"6":1,"7":1,"8":1,"9":105,"10":109,"11":1,"12":108,"13":109,"14":1,"15":108,"16":109,"17":1,"18":1,"19":107,"20":109,"21":1,"22":108,"23":109,"24":1,"25":108,"26":109,"27":1,"28":1,"29":107,"30":109,"31":1,"32":108,"33":109,"34":1,"35":108,"36":109,"37":1,"38":108,"39":109,"40":1,"41":108,"42":109,"43":1,"44":108,"45":9},"f":{"0":109,"1":2,"2":1,"3":109,"4":109,"5":109,"6":109,"7":109,"8":109,"9":109,"10":109,"11":109,"12":109,"13":109},"b":{"0":[74],"1":[1,1,1,1,105],"2":[1,1],"3":[91],"4":[1,108],"5":[101],"6":[1,108],"7":[95],"8":[1,1,107],"9":[108],"10":[1,108],"11":[98],"12":[1,108],"13":[100],"14":[1,1,107],"15":[99],"16":[1,108],"17":[105],"18":[1,108],"19":[105],"20":[1,108],"21":[99],"22":[1,108],"23":[106],"24":[1,108]},"_coverageSchema":"43e27e138ebf9cfc5966b082cf9a028302ed4184","hash":"fbdb2b4f2fe9792675c3d856a735e01274b960f9"}
,"/Users/luilucena/Documents/React-Project/frontend-test-master/src/store/index.js": {"path":"/Users/luilucena/Documents/React-Project/frontend-test-master/src/store/index.js","statementMap":{},"fnMap":{},"branchMap":{},"s":{},"f":{},"b":{},"hash":"5b6d0f5df64fa71015244867066f406f41184124"}
}
