TN:
SF:/Users/luilucena/Documents/React-Project/frontend-test-master/src/app.js
FN:11,(anonymous_0)
FNF:1
FNH:0
FNDA:0,(anonymous_0)
DA:11,0
DA:12,0
LF:2
LH:0
BRF:0
BRH:0
end_of_record
TN:
SF:/Users/luilucena/Documents/React-Project/frontend-test-master/src/index.js
FNF:0
FNH:0
DA:9,0
LF:1
LH:0
BRF:0
BRH:0
end_of_record
TN:
SF:/Users/luilucena/Documents/React-Project/frontend-test-master/src/actions/index.js
FN:33,(anonymous_0)
FN:35,(anonymous_1)
FN:37,(anonymous_2)
FN:39,(anonymous_3)
FN:41,(anonymous_4)
FN:43,(anonymous_5)
FN:45,(anonymous_6)
FN:47,(anonymous_7)
FN:49,(anonymous_8)
FN:51,(anonymous_9)
FN:53,(anonymous_10)
FN:57,(anonymous_11)
FN:59,(anonymous_12)
FN:61,(anonymous_13)
FN:63,(anonymous_14)
FN:65,(anonymous_15)
FN:67,(anonymous_16)
FN:71,getCounters
FN:72,getCountersAction
FN:76,(anonymous_19)
FN:78,(anonymous_20)
FN:83,(anonymous_21)
FN:90,incrementCounter
FN:91,incrementCounterAction
FN:99,(anonymous_24)
FN:101,(anonymous_25)
FN:105,(anonymous_26)
FN:113,decrementCounter
FN:114,decrementCounterAction
FN:122,(anonymous_29)
FN:124,(anonymous_30)
FN:128,(anonymous_31)
FN:137,addCounter
FN:138,addCounterAction
FN:146,(anonymous_34)
FN:148,(anonymous_35)
FN:154,(anonymous_36)
FN:162,(anonymous_37)
FN:163,deleteCounterAction
FN:170,(anonymous_39)
FN:172,(anonymous_40)
FN:174,(anonymous_41)
FN:179,(anonymous_42)
FN:186,refreshCounters
FN:187,refreshCountersAction
FN:191,(anonymous_45)
FN:193,(anonymous_46)
FN:198,(anonymous_47)
FNF:48
FNH:10
FNDA:0,(anonymous_0)
FNDA:0,(anonymous_1)
FNDA:0,(anonymous_2)
FNDA:0,(anonymous_3)
FNDA:0,(anonymous_4)
FNDA:0,(anonymous_5)
FNDA:5,(anonymous_6)
FNDA:6,(anonymous_7)
FNDA:4,(anonymous_8)
FNDA:0,(anonymous_9)
FNDA:5,(anonymous_10)
FNDA:7,(anonymous_11)
FNDA:5,(anonymous_12)
FNDA:0,(anonymous_13)
FNDA:0,(anonymous_14)
FNDA:0,(anonymous_15)
FNDA:0,(anonymous_16)
FNDA:0,getCounters
FNDA:0,getCountersAction
FNDA:0,(anonymous_19)
FNDA:0,(anonymous_20)
FNDA:0,(anonymous_21)
FNDA:1,incrementCounter
FNDA:0,incrementCounterAction
FNDA:0,(anonymous_24)
FNDA:0,(anonymous_25)
FNDA:0,(anonymous_26)
FNDA:1,decrementCounter
FNDA:0,decrementCounterAction
FNDA:0,(anonymous_29)
FNDA:0,(anonymous_30)
FNDA:0,(anonymous_31)
FNDA:1,addCounter
FNDA:0,addCounterAction
FNDA:0,(anonymous_34)
FNDA:0,(anonymous_35)
FNDA:0,(anonymous_36)
FNDA:1,(anonymous_37)
FNDA:0,deleteCounterAction
FNDA:0,(anonymous_39)
FNDA:0,(anonymous_40)
FNDA:0,(anonymous_41)
FNDA:0,(anonymous_42)
FNDA:0,refreshCounters
FNDA:0,refreshCountersAction
FNDA:0,(anonymous_45)
FNDA:0,(anonymous_46)
FNDA:0,(anonymous_47)
DA:2,5
DA:3,5
DA:5,5
DA:6,5
DA:8,5
DA:9,5
DA:11,5
DA:12,5
DA:13,5
DA:14,5
DA:15,5
DA:18,5
DA:19,5
DA:20,5
DA:21,5
DA:22,5
DA:23,5
DA:26,5
DA:27,5
DA:28,5
DA:29,5
DA:30,5
DA:33,5
DA:35,5
DA:37,5
DA:39,5
DA:41,5
DA:43,5
DA:45,5
DA:47,6
DA:49,5
DA:51,5
DA:53,5
DA:57,7
DA:59,5
DA:61,5
DA:63,5
DA:65,5
DA:67,5
DA:72,0
DA:73,0
DA:74,0
DA:75,0
DA:77,0
DA:79,0
DA:80,0
DA:84,0
DA:85,0
DA:91,1
DA:92,0
DA:93,0
DA:94,0
DA:95,0
DA:100,0
DA:102,0
DA:103,0
DA:106,0
DA:107,0
DA:108,0
DA:114,1
DA:115,0
DA:116,0
DA:117,0
DA:118,0
DA:123,0
DA:125,0
DA:126,0
DA:129,0
DA:130,0
DA:131,0
DA:138,1
DA:139,0
DA:140,0
DA:141,0
DA:142,0
DA:147,0
DA:149,0
DA:150,0
DA:151,0
DA:152,0
DA:155,0
DA:156,0
DA:157,0
DA:162,5
DA:163,1
DA:164,0
DA:165,0
DA:166,0
DA:171,0
DA:173,0
DA:174,0
DA:175,0
DA:176,0
DA:180,0
DA:181,0
DA:187,0
DA:188,0
DA:189,0
DA:190,0
DA:192,0
DA:194,0
DA:195,0
DA:198,0
LF:103
LH:44
BRF:0
BRH:0
end_of_record
TN:
SF:/Users/luilucena/Documents/React-Project/frontend-test-master/src/components/CountersList/index.js
FN:12,(anonymous_0)
FN:14,(anonymous_1)
FN:26,(anonymous_2)
FN:29,(anonymous_3)
FN:31,(anonymous_4)
FN:33,(anonymous_5)
FN:35,(anonymous_6)
FN:37,(anonymous_7)
FN:39,(anonymous_8)
FNF:9
FNH:9
FNDA:24,(anonymous_0)
FNDA:36,(anonymous_1)
FNDA:2,(anonymous_2)
FNDA:2,(anonymous_3)
FNDA:2,(anonymous_4)
FNDA:3,(anonymous_5)
FNDA:1,(anonymous_6)
FNDA:1,(anonymous_7)
FNDA:1,(anonymous_8)
DA:12,5
DA:13,24
DA:14,36
DA:23,24
DA:25,24
DA:26,2
DA:29,24
DA:31,24
DA:33,24
DA:35,24
DA:37,24
DA:39,24
DA:41,24
DA:42,2
DA:43,22
DA:44,6
DA:45,16
DA:46,2
DA:48,14
LF:19
LH:19
BRDA:23,0,0,24
BRDA:23,0,1,2
BRDA:25,1,0,2
BRDA:25,1,1,22
BRDA:25,2,0,24
BRDA:25,2,1,2
BRDA:41,3,0,2
BRDA:41,3,1,22
BRDA:43,4,0,6
BRDA:43,4,1,16
BRDA:45,5,0,2
BRDA:45,5,1,14
BRF:12
BRH:12
end_of_record
TN:
SF:/Users/luilucena/Documents/React-Project/frontend-test-master/src/components/CountersList/EmptyList/index.js
FN:3,(anonymous_0)
FNF:1
FNH:1
FNDA:3,(anonymous_0)
DA:3,6
DA:4,3
LF:2
LH:2
BRF:0
BRH:0
end_of_record
TN:
SF:/Users/luilucena/Documents/React-Project/frontend-test-master/src/components/CountersList/ErrorScreen/index.js
FN:4,(anonymous_0)
FN:10,(anonymous_1)
FNF:2
FNH:2
FNDA:7,(anonymous_0)
FNDA:3,(anonymous_1)
DA:4,6
DA:5,7
DA:6,7
DA:10,3
LF:4
LH:4
BRF:0
BRH:0
end_of_record
TN:
SF:/Users/luilucena/Documents/React-Project/frontend-test-master/src/components/CountersList/FullList/index.js
FN:7,(anonymous_0)
FN:12,(anonymous_1)
FN:14,(anonymous_2)
FN:16,(anonymous_3)
FN:20,(anonymous_4)
FN:23,(anonymous_5)
FN:33,(anonymous_6)
FN:40,(anonymous_7)
FN:44,(anonymous_8)
FNF:9
FNH:9
FNDA:18,(anonymous_0)
FNDA:15,(anonymous_1)
FNDA:11,(anonymous_2)
FNDA:11,(anonymous_3)
FNDA:7,(anonymous_4)
FNDA:7,(anonymous_5)
FNDA:18,(anonymous_6)
FNDA:18,(anonymous_7)
FNDA:15,(anonymous_8)
DA:7,6
DA:11,18
DA:12,18
DA:14,18
DA:15,11
DA:16,11
DA:20,18
DA:21,7
DA:22,7
DA:23,7
DA:24,7
DA:25,4
DA:28,7
DA:29,3
DA:33,18
DA:34,18
DA:35,3
DA:37,15
DA:40,18
DA:41,18
DA:42,15
DA:45,15
DA:54,3
DA:57,18
LF:24
LH:24
BRDA:12,0,0,15
BRDA:12,0,1,11
BRDA:24,1,0,4
BRDA:24,1,1,3
BRDA:28,2,0,3
BRDA:28,2,1,4
BRDA:34,3,0,3
BRDA:34,3,1,15
BRDA:41,4,0,15
BRDA:41,4,1,3
BRDA:58,5,0,1
BRDA:58,5,1,17
BRF:12
BRH:12
end_of_record
TN:
SF:/Users/luilucena/Documents/React-Project/frontend-test-master/src/components/CountersList/FullList/Item/index.js
FN:7,(anonymous_0)
FN:10,(anonymous_1)
FN:12,(anonymous_2)
FN:16,(anonymous_3)
FN:18,(anonymous_4)
FN:21,(anonymous_5)
FN:22,(anonymous_6)
FNF:7
FNH:7
FNDA:22,(anonymous_0)
FNDA:4,(anonymous_1)
FNDA:3,(anonymous_2)
FNDA:4,(anonymous_3)
FNDA:3,(anonymous_4)
FNDA:10,(anonymous_5)
FNDA:10,(anonymous_6)
DA:7,7
DA:8,22
DA:10,22
DA:11,4
DA:12,3
DA:16,22
DA:17,4
DA:18,3
DA:21,22
DA:22,10
DA:25,22
LF:11
LH:11
BRDA:11,0,0,3
BRDA:11,0,1,1
BRDA:17,1,0,3
BRDA:17,1,1,1
BRDA:26,2,0,2
BRDA:26,2,1,20
BRDA:31,3,0,13
BRDA:31,3,1,9
BRDA:33,4,0,13
BRDA:33,4,1,9
BRF:10
BRH:10
end_of_record
TN:
SF:/Users/luilucena/Documents/React-Project/frontend-test-master/src/components/CountersList/FullList/Summary/index.js
FN:6,(anonymous_0)
FN:12,(anonymous_1)
FN:14,(anonymous_2)
FN:23,(anonymous_3)
FN:24,(anonymous_4)
FN:28,(anonymous_5)
FN:34,(anonymous_6)
FNF:7
FNH:7
FNDA:29,(anonymous_0)
FNDA:17,(anonymous_1)
FNDA:5,(anonymous_2)
FNDA:5,(anonymous_3)
FNDA:5,(anonymous_4)
FNDA:3,(anonymous_5)
FNDA:25,(anonymous_6)
DA:6,7
DA:7,29
DA:9,29
DA:10,29
DA:12,29
DA:13,17
DA:14,2
DA:15,5
DA:17,2
DA:19,15
DA:23,29
DA:24,5
DA:28,29
DA:29,3
DA:30,2
DA:34,29
DA:35,25
DA:43,29
DA:44,4
DA:46,25
DA:47,24
DA:55,1
LF:22
LH:22
BRDA:13,0,0,2
BRDA:13,0,1,15
BRDA:24,1,0,4
BRDA:24,1,1,1
BRDA:29,2,0,2
BRDA:29,2,1,1
BRDA:37,3,0,7
BRDA:37,3,1,18
BRDA:38,4,0,25
BRDA:38,4,1,7
BRDA:43,5,0,4
BRDA:43,5,1,25
BRDA:46,6,0,24
BRDA:46,6,1,1
BRDA:49,7,0,23
BRDA:49,7,1,1
BRDA:50,8,0,12
BRDA:50,8,1,12
BRF:18
BRH:18
end_of_record
TN:
SF:/Users/luilucena/Documents/React-Project/frontend-test-master/src/components/CountersList/Loading/index.js
FN:5,(anonymous_0)
FN:7,(anonymous_1)
FN:8,(anonymous_2)
FN:11,(anonymous_3)
FN:14,(anonymous_4)
FN:15,(anonymous_5)
FNF:6
FNH:6
FNDA:5,(anonymous_0)
FNDA:2,(anonymous_1)
FNDA:2,(anonymous_2)
FNDA:2,(anonymous_3)
FNDA:2,(anonymous_4)
FNDA:2,(anonymous_5)
DA:5,6
DA:6,5
DA:7,5
DA:8,2
DA:9,2
DA:11,2
DA:14,5
DA:15,2
DA:17,5
LF:9
LH:9
BRDA:19,0,0,4
BRDA:19,0,1,1
BRF:2
BRH:2
end_of_record
TN:
SF:/Users/luilucena/Documents/React-Project/frontend-test-master/src/components/DisableOverlay/index.js
FN:3,(anonymous_0)
FNF:1
FNH:1
FNDA:38,(anonymous_0)
DA:3,6
DA:4,38
DA:5,5
DA:7,33
LF:4
LH:4
BRDA:4,0,0,5
BRDA:4,0,1,33
BRF:2
BRH:2
end_of_record
TN:
SF:/Users/luilucena/Documents/React-Project/frontend-test-master/src/components/Footer/index.js
FN:11,(anonymous_0)
FN:13,(anonymous_1)
FN:15,(anonymous_2)
FN:20,(anonymous_3)
FN:22,(anonymous_4)
FN:24,(anonymous_5)
FN:26,(anonymous_6)
FNF:7
FNH:7
FNDA:20,(anonymous_0)
FNDA:30,(anonymous_1)
FNDA:15,(anonymous_2)
FNDA:1,(anonymous_3)
FNDA:2,(anonymous_4)
FNDA:1,(anonymous_5)
FNDA:1,(anonymous_6)
DA:11,5
DA:12,20
DA:13,30
DA:15,15
DA:20,20
DA:22,20
DA:24,20
DA:26,20
DA:28,20
LF:9
LH:9
BRDA:15,0,0,30
BRDA:15,0,1,15
BRDA:16,1,0,30
BRDA:16,1,1,3
BRDA:16,1,2,27
BRDA:29,2,0,4
BRDA:29,2,1,16
BRDA:31,3,0,10
BRDA:31,3,1,10
BRDA:37,4,0,20
BRDA:37,4,1,4
BRF:11
BRH:11
end_of_record
TN:
SF:/Users/luilucena/Documents/React-Project/frontend-test-master/src/components/Footer/Tooltip/index.js
FN:4,(anonymous_0)
FN:8,(anonymous_1)
FN:9,(anonymous_2)
FN:10,(anonymous_3)
FN:13,(anonymous_4)
FN:20,(anonymous_5)
FN:23,(anonymous_6)
FNF:7
FNH:7
FNDA:7,(anonymous_0)
FNDA:5,(anonymous_1)
FNDA:4,(anonymous_2)
FNDA:5,(anonymous_3)
FNDA:3,(anonymous_4)
FNDA:2,(anonymous_5)
FNDA:2,(anonymous_6)
DA:4,6
DA:5,7
DA:6,7
DA:8,7
DA:9,5
DA:10,5
DA:13,7
DA:14,3
DA:15,3
DA:16,2
DA:20,7
DA:21,2
DA:22,2
DA:23,2
DA:26,7
LF:15
LH:15
BRDA:15,0,0,2
BRDA:15,0,1,1
BRF:2
BRH:2
end_of_record
TN:
SF:/Users/luilucena/Documents/React-Project/frontend-test-master/src/components/Modals/AddCounterModal/index.js
FN:8,(anonymous_0)
FN:10,(anonymous_1)
FN:16,(anonymous_2)
FN:23,(anonymous_3)
FN:25,(anonymous_4)
FN:27,(anonymous_5)
FN:29,(anonymous_6)
FN:34,(anonymous_7)
FN:42,(anonymous_8)
FNF:9
FNH:9
FNDA:20,(anonymous_0)
FNDA:30,(anonymous_1)
FNDA:2,(anonymous_2)
FNDA:1,(anonymous_3)
FNDA:1,(anonymous_4)
FNDA:1,(anonymous_5)
FNDA:20,(anonymous_6)
FNDA:1,(anonymous_7)
FNDA:20,(anonymous_8)
DA:8,5
DA:9,20
DA:10,30
DA:16,20
DA:17,2
DA:18,1
DA:19,1
DA:23,20
DA:25,20
DA:27,20
DA:29,20
DA:30,20
DA:34,1
DA:42,20
DA:43,20
DA:53,20
LF:16
LH:16
BRDA:17,0,0,1
BRDA:17,0,1,1
BRDA:35,1,0,20
BRDA:35,1,1,12
BRDA:44,2,0,4
BRDA:44,2,1,16
BRF:6
BRH:6
end_of_record
TN:
SF:/Users/luilucena/Documents/React-Project/frontend-test-master/src/components/Modals/AddCounterModal/InputText/index.js
FN:4,(anonymous_0)
FN:11,(anonymous_1)
FNF:2
FNH:2
FNDA:9,(anonymous_0)
FNDA:1,(anonymous_1)
DA:4,5
DA:6,9
DA:11,1
LF:3
LH:3
BRF:0
BRH:0
end_of_record
TN:
SF:/Users/luilucena/Documents/React-Project/frontend-test-master/src/components/Modals/DeleteConfirmationModal/index.js
FN:5,(anonymous_0)
FN:7,(anonymous_1)
FN:8,(anonymous_2)
FN:12,(anonymous_3)
FN:14,(anonymous_4)
FN:16,(anonymous_5)
FN:26,(anonymous_6)
FNF:7
FNH:7
FNDA:8,(anonymous_0)
FNDA:12,(anonymous_1)
FNDA:3,(anonymous_2)
FNDA:1,(anonymous_3)
FNDA:1,(anonymous_4)
FNDA:8,(anonymous_5)
FNDA:1,(anonymous_6)
DA:5,5
DA:6,8
DA:7,12
DA:8,3
DA:12,8
DA:14,8
DA:16,8
DA:17,8
DA:26,1
DA:33,8
LF:10
LH:10
BRDA:19,0,0,2
BRDA:19,0,1,6
BRDA:34,1,0,6
BRDA:34,1,1,2
BRF:4
BRH:4
end_of_record
TN:
SF:/Users/luilucena/Documents/React-Project/frontend-test-master/src/components/Modals/ErrorModal/index.js
FN:9,(anonymous_0)
FN:11,(anonymous_1)
FN:12,(anonymous_2)
FN:17,(anonymous_3)
FN:19,(anonymous_4)
FN:21,(anonymous_5)
FN:23,(anonymous_6)
FN:25,(anonymous_7)
FN:40,(anonymous_8)
FN:68,(anonymous_9)
FNF:10
FNH:0
FNDA:0,(anonymous_0)
FNDA:0,(anonymous_1)
FNDA:0,(anonymous_2)
FNDA:0,(anonymous_3)
FNDA:0,(anonymous_4)
FNDA:0,(anonymous_5)
FNDA:0,(anonymous_6)
FNDA:0,(anonymous_7)
FNDA:0,(anonymous_8)
FNDA:0,(anonymous_9)
DA:9,5
DA:10,0
DA:11,0
DA:12,0
DA:17,0
DA:19,0
DA:21,0
DA:23,0
DA:25,0
DA:26,0
DA:28,0
DA:30,0
DA:32,0
DA:34,0
DA:36,0
DA:40,0
DA:42,0
DA:44,0
DA:45,0
DA:47,0
DA:48,0
DA:50,0
DA:51,0
DA:53,0
DA:55,0
DA:68,0
DA:69,0
DA:77,0
LF:28
LH:1
BRDA:12,0,0,0
BRDA:12,0,1,0
BRDA:26,1,0,0
BRDA:26,1,1,0
BRDA:26,1,2,0
BRDA:26,1,3,0
BRDA:26,1,4,0
BRDA:42,2,0,0
BRDA:42,2,1,0
BRDA:42,2,2,0
BRDA:42,2,3,0
BRDA:57,3,0,0
BRDA:57,3,1,0
BRDA:60,4,0,0
BRDA:60,4,1,0
BRDA:78,5,0,0
BRDA:78,5,1,0
BRF:17
BRH:0
end_of_record
TN:
SF:/Users/luilucena/Documents/React-Project/frontend-test-master/src/components/Modals/NamesExamplesModal/index.js
FN:8,(anonymous_0)
FN:10,(anonymous_1)
FN:17,(anonymous_2)
FN:22,(anonymous_3)
FN:24,(anonymous_4)
FN:33,(anonymous_5)
FN:40,(anonymous_6)
FN:48,(anonymous_7)
FN:51,(anonymous_8)
FN:56,(anonymous_9)
FN:60,(anonymous_10)
FNF:11
FNH:11
FNDA:4,(anonymous_0)
FNDA:8,(anonymous_1)
FNDA:1,(anonymous_2)
FNDA:1,(anonymous_3)
FNDA:4,(anonymous_4)
FNDA:12,(anonymous_5)
FNDA:36,(anonymous_6)
FNDA:36,(anonymous_7)
FNDA:1,(anonymous_8)
FNDA:4,(anonymous_9)
FNDA:12,(anonymous_10)
DA:8,5
DA:9,4
DA:10,8
DA:11,4
DA:17,4
DA:18,1
DA:19,1
DA:22,4
DA:24,4
DA:25,4
DA:33,4
DA:34,12
DA:40,36
DA:48,4
DA:49,36
DA:51,1
DA:56,4
DA:57,4
DA:60,12
DA:64,4
LF:20
LH:20
BRF:0
BRH:0
end_of_record
TN:
SF:/Users/luilucena/Documents/React-Project/frontend-test-master/src/components/SearchBar/index.js
FN:7,(anonymous_0)
FN:11,(anonymous_1)
FN:13,(anonymous_2)
FN:18,(anonymous_3)
FN:25,(anonymous_4)
FN:31,(anonymous_5)
FN:41,(anonymous_6)
FN:42,(anonymous_7)
FN:45,(anonymous_8)
FNF:9
FNH:0
FNDA:0,(anonymous_0)
FNDA:0,(anonymous_1)
FNDA:0,(anonymous_2)
FNDA:0,(anonymous_3)
FNDA:0,(anonymous_4)
FNDA:0,(anonymous_5)
FNDA:0,(anonymous_6)
FNDA:0,(anonymous_7)
FNDA:0,(anonymous_8)
DA:7,5
DA:8,0
DA:9,0
DA:10,0
DA:11,0
DA:13,0
DA:14,0
DA:15,0
DA:18,0
DA:19,0
DA:20,0
DA:21,0
DA:25,0
DA:26,0
DA:27,0
DA:28,0
DA:31,0
DA:32,0
DA:33,0
DA:36,0
DA:41,0
DA:42,0
DA:45,0
LF:23
LH:1
BRDA:11,0,0,0
BRDA:11,0,1,0
BRDA:11,0,2,0
BRDA:20,1,0,0
BRDA:20,1,1,0
BRDA:38,2,0,0
BRDA:38,2,1,0
BRDA:38,3,0,0
BRDA:38,3,1,0
BRDA:38,4,0,0
BRDA:38,4,1,0
BRDA:44,5,0,0
BRDA:44,5,1,0
BRDA:44,5,2,0
BRF:14
BRH:0
end_of_record
TN:
SF:/Users/luilucena/Documents/React-Project/frontend-test-master/src/pages/MainScreen.js
FN:12,(anonymous_0)
FN:14,(anonymous_1)
FNF:2
FNH:0
FNDA:0,(anonymous_0)
FNDA:0,(anonymous_1)
DA:12,5
DA:13,0
DA:14,0
DA:15,0
DA:18,0
LF:5
LH:1
BRF:0
BRH:0
end_of_record
TN:
SF:/Users/luilucena/Documents/React-Project/frontend-test-master/src/pages/WelcomeScreen.js
FN:5,(anonymous_0)
FNF:1
FNH:0
FNDA:0,(anonymous_0)
DA:5,0
DA:6,0
LF:2
LH:0
BRF:0
BRH:0
end_of_record
TN:
SF:/Users/luilucena/Documents/React-Project/frontend-test-master/src/reducers/index.js
FN:13,counters
FN:18,(anonymous_1)
FN:27,(anonymous_2)
FN:33,selectedCounter
FN:43,newCounterName
FN:52,connectionError
FN:63,refreshing
FN:72,loading
FN:81,searchFilter
FN:92,openAddCounterModal
FN:101,openNamesExamplesModal
FN:110,openDeleteConfirmationModal
FN:119,openErrorModal
FN:128,showTooltip
FNF:14
FNH:12
FNDA:50,counters
FNDA:0,(anonymous_1)
FNDA:0,(anonymous_2)
FNDA:50,selectedCounter
FNDA:50,newCounterName
FNDA:50,connectionError
FNDA:50,refreshing
FNDA:50,loading
FNDA:50,searchFilter
FNDA:50,openAddCounterModal
FNDA:50,openNamesExamplesModal
FNDA:50,openDeleteConfirmationModal
FNDA:50,openErrorModal
FNDA:50,showTooltip
DA:14,50
DA:16,0
DA:18,0
DA:19,0
DA:20,0
DA:22,0
DA:25,0
DA:27,0
DA:29,50
DA:34,50
DA:36,0
DA:38,50
DA:44,50
DA:46,0
DA:48,50
DA:53,50
DA:55,0
DA:57,0
DA:59,50
DA:64,50
DA:66,0
DA:68,50
DA:73,50
DA:75,0
DA:77,50
DA:82,50
DA:84,0
DA:86,0
DA:88,50
DA:93,50
DA:95,0
DA:97,50
DA:102,50
DA:104,0
DA:106,50
DA:111,50
DA:113,0
DA:115,50
DA:120,50
DA:122,0
DA:124,50
DA:129,50
DA:131,0
DA:133,50
DA:138,5
LF:45
LH:25
BRDA:13,0,0,36
BRDA:14,1,0,0
BRDA:14,1,1,0
BRDA:14,1,2,0
BRDA:14,1,3,0
BRDA:14,1,4,50
BRDA:19,2,0,0
BRDA:19,2,1,0
BRDA:33,3,0,41
BRDA:34,4,0,0
BRDA:34,4,1,50
BRDA:43,5,0,43
BRDA:44,6,0,0
BRDA:44,6,1,50
BRDA:52,7,0,47
BRDA:53,8,0,0
BRDA:53,8,1,0
BRDA:53,8,2,50
BRDA:63,9,0,50
BRDA:64,10,0,0
BRDA:64,10,1,50
BRDA:72,11,0,41
BRDA:73,12,0,0
BRDA:73,12,1,50
BRDA:81,13,0,48
BRDA:82,14,0,0
BRDA:82,14,1,0
BRDA:82,14,2,50
BRDA:92,15,0,41
BRDA:93,16,0,0
BRDA:93,16,1,50
BRDA:101,17,0,47
BRDA:102,18,0,0
BRDA:102,18,1,50
BRDA:110,19,0,47
BRDA:111,20,0,0
BRDA:111,20,1,50
BRDA:119,21,0,50
BRDA:120,22,0,0
BRDA:120,22,1,50
BRDA:128,23,0,48
BRDA:129,24,0,0
BRDA:129,24,1,50
BRF:43
BRH:24
end_of_record
TN:
SF:/Users/luilucena/Documents/React-Project/frontend-test-master/src/store/index.js
FNF:0
FNH:0
LF:0
LH:0
BRF:0
BRH:0
end_of_record
