TN:
SF:/Users/luilucena/Documents/React-Project/frontend-test-master/src/app.js
FN:11,(anonymous_0)
FNF:1
FNH:1
FNDA:2,(anonymous_0)
DA:11,1
DA:12,2
LF:2
LH:2
BRF:0
BRH:0
end_of_record
TN:
SF:/Users/luilucena/Documents/React-Project/frontend-test-master/src/actions/index.js
FN:33,(anonymous_0)
FN:35,(anonymous_1)
FN:37,(anonymous_2)
FN:39,(anonymous_3)
FN:41,(anonymous_4)
FN:43,(anonymous_5)
FN:45,(anonymous_6)
FN:47,(anonymous_7)
FN:49,(anonymous_8)
FN:51,(anonymous_9)
FN:53,(anonymous_10)
FN:57,(anonymous_11)
FN:59,(anonymous_12)
FN:61,(anonymous_13)
FN:63,(anonymous_14)
FN:65,(anonymous_15)
FN:67,(anonymous_16)
FN:74,getCounters
FN:75,getCountersAction
FN:79,(anonymous_19)
FN:81,(anonymous_20)
FN:86,(anonymous_21)
FN:93,incrementCounter
FN:94,incrementCounterAction
FN:102,(anonymous_24)
FN:104,(anonymous_25)
FN:108,(anonymous_26)
FN:116,decrementCounter
FN:117,decrementCounterAction
FN:125,(anonymous_29)
FN:127,(anonymous_30)
FN:131,(anonymous_31)
FN:140,addCounter
FN:141,addCounterAction
FN:149,(anonymous_34)
FN:151,(anonymous_35)
FN:157,(anonymous_36)
FN:165,deleteCounter
FN:166,deleteCounterAction
FN:173,(anonymous_39)
FN:175,(anonymous_40)
FN:178,(anonymous_41)
FN:183,(anonymous_42)
FN:190,refreshCounters
FN:191,refreshCountersAction
FN:195,(anonymous_45)
FN:197,(anonymous_46)
FN:202,(anonymous_47)
FNF:48
FNH:48
FNDA:9,(anonymous_0)
FNDA:13,(anonymous_1)
FNDA:10,(anonymous_2)
FNDA:5,(anonymous_3)
FNDA:7,(anonymous_4)
FNDA:13,(anonymous_5)
FNDA:7,(anonymous_6)
FNDA:7,(anonymous_7)
FNDA:6,(anonymous_8)
FNDA:21,(anonymous_9)
FNDA:6,(anonymous_10)
FNDA:9,(anonymous_11)
FNDA:7,(anonymous_12)
FNDA:3,(anonymous_13)
FNDA:3,(anonymous_14)
FNDA:2,(anonymous_15)
FNDA:2,(anonymous_16)
FNDA:3,getCounters
FNDA:2,getCountersAction
FNDA:1,(anonymous_19)
FNDA:1,(anonymous_20)
FNDA:1,(anonymous_21)
FNDA:4,incrementCounter
FNDA:2,incrementCounterAction
FNDA:1,(anonymous_24)
FNDA:1,(anonymous_25)
FNDA:1,(anonymous_26)
FNDA:4,decrementCounter
FNDA:2,decrementCounterAction
FNDA:1,(anonymous_29)
FNDA:1,(anonymous_30)
FNDA:1,(anonymous_31)
FNDA:3,addCounter
FNDA:2,addCounterAction
FNDA:1,(anonymous_34)
FNDA:1,(anonymous_35)
FNDA:1,(anonymous_36)
FNDA:4,deleteCounter
FNDA:2,deleteCounterAction
FNDA:1,(anonymous_39)
FNDA:1,(anonymous_40)
FNDA:1,(anonymous_41)
FNDA:1,(anonymous_42)
FNDA:3,refreshCounters
FNDA:2,refreshCountersAction
FNDA:1,(anonymous_45)
FNDA:1,(anonymous_46)
FNDA:1,(anonymous_47)
DA:2,10
DA:3,10
DA:5,10
DA:6,10
DA:8,10
DA:9,10
DA:11,10
DA:12,10
DA:13,10
DA:14,10
DA:15,10
DA:18,10
DA:19,10
DA:20,10
DA:21,10
DA:22,10
DA:23,10
DA:26,10
DA:27,10
DA:28,10
DA:29,10
DA:30,10
DA:33,10
DA:35,13
DA:37,10
DA:39,10
DA:41,10
DA:43,13
DA:45,10
DA:47,10
DA:49,10
DA:51,21
DA:53,10
DA:57,10
DA:59,10
DA:61,10
DA:63,10
DA:65,10
DA:67,10
DA:68,2
DA:69,2
DA:75,3
DA:76,2
DA:77,2
DA:78,2
DA:80,1
DA:82,1
DA:83,1
DA:87,1
DA:88,1
DA:94,4
DA:95,2
DA:96,2
DA:97,2
DA:98,2
DA:103,1
DA:105,1
DA:106,1
DA:109,1
DA:110,1
DA:111,1
DA:117,4
DA:118,2
DA:119,2
DA:120,2
DA:121,2
DA:126,1
DA:128,1
DA:129,1
DA:132,1
DA:133,1
DA:134,1
DA:141,3
DA:142,2
DA:143,2
DA:144,2
DA:145,2
DA:150,1
DA:152,1
DA:153,1
DA:154,1
DA:155,1
DA:158,1
DA:159,1
DA:160,1
DA:166,4
DA:167,2
DA:168,2
DA:169,2
DA:174,1
DA:176,1
DA:177,1
DA:178,1
DA:179,1
DA:180,1
DA:184,1
DA:185,1
DA:191,3
DA:192,2
DA:193,2
DA:194,2
DA:196,1
DA:198,1
DA:199,1
DA:203,1
DA:204,1
LF:106
LH:106
BRF:0
BRH:0
end_of_record
TN:
SF:/Users/luilucena/Documents/React-Project/frontend-test-master/src/components/CountersList/index.js
FN:12,(anonymous_0)
FN:14,(anonymous_1)
FN:26,(anonymous_2)
FN:29,(anonymous_3)
FN:31,(anonymous_4)
FN:33,(anonymous_5)
FN:35,(anonymous_6)
FN:37,(anonymous_7)
FN:39,(anonymous_8)
FNF:9
FNH:9
FNDA:26,(anonymous_0)
FNDA:39,(anonymous_1)
FNDA:2,(anonymous_2)
FNDA:2,(anonymous_3)
FNDA:2,(anonymous_4)
FNDA:3,(anonymous_5)
FNDA:1,(anonymous_6)
FNDA:1,(anonymous_7)
FNDA:1,(anonymous_8)
DA:12,8
DA:13,26
DA:14,39
DA:23,26
DA:25,26
DA:26,2
DA:29,26
DA:31,26
DA:33,26
DA:35,26
DA:37,26
DA:39,26
DA:41,26
DA:42,2
DA:43,24
DA:44,6
DA:45,18
DA:46,4
DA:48,14
LF:19
LH:19
BRDA:23,0,0,26
BRDA:23,0,1,2
BRDA:25,1,0,2
BRDA:25,1,1,24
BRDA:25,2,0,26
BRDA:25,2,1,2
BRDA:41,3,0,2
BRDA:41,3,1,24
BRDA:43,4,0,6
BRDA:43,4,1,18
BRDA:45,5,0,4
BRDA:45,5,1,14
BRF:12
BRH:12
end_of_record
TN:
SF:/Users/luilucena/Documents/React-Project/frontend-test-master/src/components/CountersList/EmptyList/index.js
FN:3,(anonymous_0)
FNF:1
FNH:1
FNDA:5,(anonymous_0)
DA:3,9
DA:4,5
LF:2
LH:2
BRF:0
BRH:0
end_of_record
TN:
SF:/Users/luilucena/Documents/React-Project/frontend-test-master/src/components/CountersList/ErrorScreen/index.js
FN:4,(anonymous_0)
FN:10,(anonymous_1)
FNF:2
FNH:2
FNDA:7,(anonymous_0)
FNDA:3,(anonymous_1)
DA:4,9
DA:5,7
DA:6,7
DA:10,3
LF:4
LH:4
BRF:0
BRH:0
end_of_record
TN:
SF:/Users/luilucena/Documents/React-Project/frontend-test-master/src/components/CountersList/FullList/index.js
FN:7,(anonymous_0)
FN:12,(anonymous_1)
FN:14,(anonymous_2)
FN:16,(anonymous_3)
FN:20,(anonymous_4)
FN:23,(anonymous_5)
FN:33,(anonymous_6)
FN:40,(anonymous_7)
FN:44,(anonymous_8)
FNF:9
FNH:9
FNDA:18,(anonymous_0)
FNDA:15,(anonymous_1)
FNDA:11,(anonymous_2)
FNDA:11,(anonymous_3)
FNDA:7,(anonymous_4)
FNDA:7,(anonymous_5)
FNDA:18,(anonymous_6)
FNDA:18,(anonymous_7)
FNDA:15,(anonymous_8)
DA:7,9
DA:11,18
DA:12,18
DA:14,18
DA:15,11
DA:16,11
DA:20,18
DA:21,7
DA:22,7
DA:23,7
DA:24,7
DA:25,4
DA:28,7
DA:29,3
DA:33,18
DA:34,18
DA:35,3
DA:37,15
DA:40,18
DA:41,18
DA:42,15
DA:45,15
DA:54,3
DA:57,18
LF:24
LH:24
BRDA:12,0,0,15
BRDA:12,0,1,11
BRDA:24,1,0,4
BRDA:24,1,1,3
BRDA:28,2,0,3
BRDA:28,2,1,4
BRDA:34,3,0,3
BRDA:34,3,1,15
BRDA:41,4,0,15
BRDA:41,4,1,3
BRDA:58,5,0,1
BRDA:58,5,1,17
BRF:12
BRH:12
end_of_record
TN:
SF:/Users/luilucena/Documents/React-Project/frontend-test-master/src/components/CountersList/FullList/Item/index.js
FN:7,(anonymous_0)
FN:10,(anonymous_1)
FN:12,(anonymous_2)
FN:16,(anonymous_3)
FN:18,(anonymous_4)
FN:21,(anonymous_5)
FN:22,(anonymous_6)
FNF:7
FNH:7
FNDA:22,(anonymous_0)
FNDA:4,(anonymous_1)
FNDA:3,(anonymous_2)
FNDA:4,(anonymous_3)
FNDA:3,(anonymous_4)
FNDA:10,(anonymous_5)
FNDA:10,(anonymous_6)
DA:7,10
DA:8,22
DA:10,22
DA:11,4
DA:12,3
DA:16,22
DA:17,4
DA:18,3
DA:21,22
DA:22,10
DA:25,22
LF:11
LH:11
BRDA:11,0,0,3
BRDA:11,0,1,1
BRDA:17,1,0,3
BRDA:17,1,1,1
BRDA:26,2,0,2
BRDA:26,2,1,20
BRDA:31,3,0,13
BRDA:31,3,1,9
BRDA:33,4,0,13
BRDA:33,4,1,9
BRF:10
BRH:10
end_of_record
TN:
SF:/Users/luilucena/Documents/React-Project/frontend-test-master/src/components/CountersList/FullList/Summary/index.js
FN:6,(anonymous_0)
FN:12,(anonymous_1)
FN:14,(anonymous_2)
FN:23,(anonymous_3)
FN:24,(anonymous_4)
FN:28,(anonymous_5)
FN:34,(anonymous_6)
FNF:7
FNH:7
FNDA:29,(anonymous_0)
FNDA:17,(anonymous_1)
FNDA:5,(anonymous_2)
FNDA:5,(anonymous_3)
FNDA:5,(anonymous_4)
FNDA:3,(anonymous_5)
FNDA:25,(anonymous_6)
DA:6,10
DA:7,29
DA:9,29
DA:10,29
DA:12,29
DA:13,17
DA:14,2
DA:15,5
DA:17,2
DA:19,15
DA:23,29
DA:24,5
DA:28,29
DA:29,3
DA:30,2
DA:34,29
DA:35,25
DA:43,29
DA:44,4
DA:46,25
DA:47,24
DA:55,1
LF:22
LH:22
BRDA:13,0,0,2
BRDA:13,0,1,15
BRDA:24,1,0,4
BRDA:24,1,1,1
BRDA:29,2,0,2
BRDA:29,2,1,1
BRDA:37,3,0,7
BRDA:37,3,1,18
BRDA:38,4,0,25
BRDA:38,4,1,7
BRDA:43,5,0,4
BRDA:43,5,1,25
BRDA:46,6,0,24
BRDA:46,6,1,1
BRDA:49,7,0,23
BRDA:49,7,1,1
BRDA:50,8,0,12
BRDA:50,8,1,12
BRF:18
BRH:18
end_of_record
TN:
SF:/Users/luilucena/Documents/React-Project/frontend-test-master/src/components/CountersList/Loading/index.js
FN:5,(anonymous_0)
FN:7,(anonymous_1)
FN:8,(anonymous_2)
FN:11,(anonymous_3)
FN:14,(anonymous_4)
FN:15,(anonymous_5)
FNF:6
FNH:6
FNDA:5,(anonymous_0)
FNDA:2,(anonymous_1)
FNDA:2,(anonymous_2)
FNDA:2,(anonymous_3)
FNDA:2,(anonymous_4)
FNDA:2,(anonymous_5)
DA:5,9
DA:6,5
DA:7,5
DA:8,2
DA:9,2
DA:11,2
DA:14,5
DA:15,2
DA:17,5
LF:9
LH:9
BRDA:19,0,0,4
BRDA:19,0,1,1
BRF:2
BRH:2
end_of_record
TN:
SF:/Users/luilucena/Documents/React-Project/frontend-test-master/src/components/DisableOverlay/index.js
FN:3,(anonymous_0)
FNF:1
FNH:1
FNDA:40,(anonymous_0)
DA:3,9
DA:4,40
DA:5,5
DA:7,35
LF:4
LH:4
BRDA:4,0,0,5
BRDA:4,0,1,35
BRF:2
BRH:2
end_of_record
TN:
SF:/Users/luilucena/Documents/React-Project/frontend-test-master/src/components/Footer/index.js
FN:11,(anonymous_0)
FN:13,(anonymous_1)
FN:15,(anonymous_2)
FN:20,(anonymous_3)
FN:22,(anonymous_4)
FN:24,(anonymous_5)
FN:26,(anonymous_6)
FNF:7
FNH:7
FNDA:22,(anonymous_0)
FNDA:33,(anonymous_1)
FNDA:15,(anonymous_2)
FNDA:1,(anonymous_3)
FNDA:2,(anonymous_4)
FNDA:1,(anonymous_5)
FNDA:1,(anonymous_6)
DA:11,8
DA:12,22
DA:13,33
DA:15,15
DA:20,22
DA:22,22
DA:24,22
DA:26,22
DA:28,22
LF:9
LH:9
BRDA:15,0,0,33
BRDA:15,0,1,18
BRDA:16,1,0,33
BRDA:16,1,1,3
BRDA:16,1,2,30
BRDA:29,2,0,4
BRDA:29,2,1,18
BRDA:31,3,0,12
BRDA:31,3,1,10
BRDA:37,4,0,22
BRDA:37,4,1,4
BRF:11
BRH:11
end_of_record
TN:
SF:/Users/luilucena/Documents/React-Project/frontend-test-master/src/components/Footer/Tooltip/index.js
FN:4,(anonymous_0)
FN:8,(anonymous_1)
FN:9,(anonymous_2)
FN:10,(anonymous_3)
FN:13,(anonymous_4)
FN:20,(anonymous_5)
FN:23,(anonymous_6)
FNF:7
FNH:7
FNDA:7,(anonymous_0)
FNDA:5,(anonymous_1)
FNDA:4,(anonymous_2)
FNDA:5,(anonymous_3)
FNDA:3,(anonymous_4)
FNDA:2,(anonymous_5)
FNDA:2,(anonymous_6)
DA:4,9
DA:5,7
DA:6,7
DA:8,7
DA:9,5
DA:10,5
DA:13,7
DA:14,3
DA:15,3
DA:16,2
DA:20,7
DA:21,2
DA:22,2
DA:23,2
DA:26,7
LF:15
LH:15
BRDA:15,0,0,2
BRDA:15,0,1,1
BRF:2
BRH:2
end_of_record
TN:
SF:/Users/luilucena/Documents/React-Project/frontend-test-master/src/components/Modals/AddCounterModal/index.js
FN:8,(anonymous_0)
FN:10,(anonymous_1)
FN:16,(anonymous_2)
FN:23,(anonymous_3)
FN:25,(anonymous_4)
FN:27,(anonymous_5)
FN:29,(anonymous_6)
FN:34,(anonymous_7)
FN:42,(anonymous_8)
FNF:9
FNH:9
FNDA:22,(anonymous_0)
FNDA:33,(anonymous_1)
FNDA:2,(anonymous_2)
FNDA:1,(anonymous_3)
FNDA:1,(anonymous_4)
FNDA:1,(anonymous_5)
FNDA:22,(anonymous_6)
FNDA:1,(anonymous_7)
FNDA:22,(anonymous_8)
DA:8,8
DA:9,22
DA:10,33
DA:16,22
DA:17,2
DA:18,1
DA:19,1
DA:23,22
DA:25,22
DA:27,22
DA:29,22
DA:30,22
DA:34,1
DA:42,22
DA:43,22
DA:53,22
LF:16
LH:16
BRDA:17,0,0,1
BRDA:17,0,1,1
BRDA:35,1,0,22
BRDA:35,1,1,12
BRDA:44,2,0,4
BRDA:44,2,1,18
BRF:6
BRH:6
end_of_record
TN:
SF:/Users/luilucena/Documents/React-Project/frontend-test-master/src/components/Modals/AddCounterModal/InputText/index.js
FN:4,(anonymous_0)
FN:11,(anonymous_1)
FNF:2
FNH:2
FNDA:9,(anonymous_0)
FNDA:1,(anonymous_1)
DA:4,8
DA:6,9
DA:11,1
LF:3
LH:3
BRF:0
BRH:0
end_of_record
TN:
SF:/Users/luilucena/Documents/React-Project/frontend-test-master/src/components/Modals/DeleteConfirmationModal/index.js
FN:5,(anonymous_0)
FN:7,(anonymous_1)
FN:8,(anonymous_2)
FN:12,(anonymous_3)
FN:14,(anonymous_4)
FN:16,(anonymous_5)
FN:26,(anonymous_6)
FNF:7
FNH:7
FNDA:10,(anonymous_0)
FNDA:15,(anonymous_1)
FNDA:3,(anonymous_2)
FNDA:1,(anonymous_3)
FNDA:1,(anonymous_4)
FNDA:10,(anonymous_5)
FNDA:1,(anonymous_6)
DA:5,8
DA:6,10
DA:7,15
DA:8,3
DA:12,10
DA:14,10
DA:16,10
DA:17,10
DA:26,1
DA:33,10
LF:10
LH:10
BRDA:19,0,0,2
BRDA:19,0,1,8
BRDA:34,1,0,6
BRDA:34,1,1,4
BRF:4
BRH:4
end_of_record
TN:
SF:/Users/luilucena/Documents/React-Project/frontend-test-master/src/components/Modals/ErrorModal/index.js
FN:9,(anonymous_0)
FN:11,(anonymous_1)
FN:12,(anonymous_2)
FN:17,(anonymous_3)
FN:19,(anonymous_4)
FN:21,(anonymous_5)
FN:23,(anonymous_6)
FN:23,(anonymous_7)
FN:25,(anonymous_8)
FN:40,(anonymous_9)
FN:58,(anonymous_10)
FN:58,(anonymous_11)
FN:69,(anonymous_12)
FNF:13
FNH:13
FNDA:22,(anonymous_0)
FNDA:33,(anonymous_1)
FNDA:24,(anonymous_2)
FNDA:1,(anonymous_3)
FNDA:1,(anonymous_4)
FNDA:1,(anonymous_5)
FNDA:4,(anonymous_6)
FNDA:4,(anonymous_7)
FNDA:22,(anonymous_8)
FNDA:22,(anonymous_9)
FNDA:3,(anonymous_10)
FNDA:3,(anonymous_11)
FNDA:22,(anonymous_12)
DA:9,8
DA:10,22
DA:11,33
DA:12,24
DA:17,22
DA:19,22
DA:21,22
DA:23,22
DA:25,22
DA:26,22
DA:28,4
DA:30,4
DA:32,4
DA:34,4
DA:36,6
DA:40,22
DA:42,22
DA:44,4
DA:45,4
DA:47,4
DA:48,4
DA:50,4
DA:51,4
DA:53,10
DA:55,22
DA:58,3
DA:69,22
DA:70,22
DA:78,22
LF:29
LH:29
BRDA:12,0,0,33
BRDA:12,0,1,9
BRDA:26,1,0,4
BRDA:26,1,1,4
BRDA:26,1,2,4
BRDA:26,1,3,4
BRDA:26,1,4,6
BRDA:42,2,0,4
BRDA:42,2,1,4
BRDA:42,2,2,4
BRDA:42,2,3,10
BRDA:57,3,0,22
BRDA:57,3,1,18
BRDA:61,4,0,18
BRDA:61,4,1,4
BRDA:79,5,0,18
BRDA:79,5,1,4
BRF:17
BRH:17
end_of_record
TN:
SF:/Users/luilucena/Documents/React-Project/frontend-test-master/src/components/Modals/NamesExamplesModal/index.js
FN:8,(anonymous_0)
FN:10,(anonymous_1)
FN:17,(anonymous_2)
FN:22,(anonymous_3)
FN:24,(anonymous_4)
FN:33,(anonymous_5)
FN:40,(anonymous_6)
FN:48,(anonymous_7)
FN:51,(anonymous_8)
FN:56,(anonymous_9)
FN:60,(anonymous_10)
FNF:11
FNH:11
FNDA:5,(anonymous_0)
FNDA:10,(anonymous_1)
FNDA:1,(anonymous_2)
FNDA:1,(anonymous_3)
FNDA:5,(anonymous_4)
FNDA:15,(anonymous_5)
FNDA:45,(anonymous_6)
FNDA:45,(anonymous_7)
FNDA:1,(anonymous_8)
FNDA:5,(anonymous_9)
FNDA:15,(anonymous_10)
DA:8,8
DA:9,5
DA:10,10
DA:11,5
DA:17,5
DA:18,1
DA:19,1
DA:22,5
DA:24,5
DA:25,5
DA:33,5
DA:34,15
DA:40,45
DA:48,5
DA:49,45
DA:51,1
DA:56,5
DA:57,5
DA:60,15
DA:64,5
LF:20
LH:20
BRF:0
BRH:0
end_of_record
TN:
SF:/Users/luilucena/Documents/React-Project/frontend-test-master/src/components/SearchBar/index.js
FN:7,(anonymous_0)
FN:9,(anonymous_1)
FN:14,(anonymous_2)
FN:18,(anonymous_3)
FN:24,(anonymous_4)
FN:29,(anonymous_5)
FNF:6
FNH:6
FNDA:22,(anonymous_0)
FNDA:33,(anonymous_1)
FNDA:3,(anonymous_2)
FNDA:2,(anonymous_3)
FNDA:1,(anonymous_4)
FNDA:1,(anonymous_5)
DA:7,8
DA:8,22
DA:9,33
DA:14,22
DA:15,3
DA:18,22
DA:19,2
DA:20,1
DA:24,22
DA:25,1
DA:26,1
DA:29,22
DA:30,1
DA:33,22
LF:14
LH:14
BRDA:10,0,0,33
BRDA:10,0,1,24
BRDA:10,0,2,24
BRDA:19,1,0,1
BRDA:19,1,1,1
BRDA:35,2,0,8
BRDA:35,2,1,14
BRDA:35,3,0,10
BRDA:35,3,1,12
BRDA:41,4,0,22
BRDA:41,4,1,10
BRF:11
BRH:11
end_of_record
TN:
SF:/Users/luilucena/Documents/React-Project/frontend-test-master/src/pages/MainScreen.js
FN:12,(anonymous_0)
FN:14,(anonymous_1)
FNF:2
FNH:2
FNDA:1,(anonymous_0)
FNDA:1,(anonymous_1)
DA:12,8
DA:13,1
DA:14,1
DA:15,1
DA:18,1
LF:5
LH:5
BRF:0
BRH:0
end_of_record
TN:
SF:/Users/luilucena/Documents/React-Project/frontend-test-master/src/pages/WelcomeScreen.js
FN:5,(anonymous_0)
FNF:1
FNH:1
FNDA:1,(anonymous_0)
DA:5,1
DA:6,1
LF:2
LH:2
BRF:0
BRH:0
end_of_record
TN:
SF:/Users/luilucena/Documents/React-Project/frontend-test-master/src/reducers/index.js
FN:13,counters
FN:18,(anonymous_1)
FN:27,(anonymous_2)
FN:33,selectedCounter
FN:43,newCounterName
FN:52,connectionError
FN:63,refreshing
FN:72,loading
FN:81,searchFilter
FN:92,openAddCounterModal
FN:101,openNamesExamplesModal
FN:110,openDeleteConfirmationModal
FN:119,openErrorModal
FN:128,showTooltip
FNF:14
FNH:14
FNDA:109,counters
FNDA:2,(anonymous_1)
FNDA:1,(anonymous_2)
FNDA:109,selectedCounter
FNDA:109,newCounterName
FNDA:109,connectionError
FNDA:109,refreshing
FNDA:109,loading
FNDA:109,searchFilter
FNDA:109,openAddCounterModal
FNDA:109,openNamesExamplesModal
FNDA:109,openDeleteConfirmationModal
FNDA:109,openErrorModal
FNDA:109,showTooltip
DA:14,109
DA:16,1
DA:18,1
DA:19,2
DA:20,1
DA:22,1
DA:25,1
DA:27,1
DA:29,105
DA:34,109
DA:36,1
DA:38,108
DA:44,109
DA:46,1
DA:48,108
DA:53,109
DA:55,1
DA:57,1
DA:59,107
DA:64,109
DA:66,1
DA:68,108
DA:73,109
DA:75,1
DA:77,108
DA:82,109
DA:84,1
DA:86,1
DA:88,107
DA:93,109
DA:95,1
DA:97,108
DA:102,109
DA:104,1
DA:106,108
DA:111,109
DA:113,1
DA:115,108
DA:120,109
DA:122,1
DA:124,108
DA:129,109
DA:131,1
DA:133,108
DA:138,9
LF:45
LH:45
BRDA:13,0,0,74
BRDA:14,1,0,1
BRDA:14,1,1,1
BRDA:14,1,2,1
BRDA:14,1,3,1
BRDA:14,1,4,105
BRDA:19,2,0,1
BRDA:19,2,1,1
BRDA:33,3,0,91
BRDA:34,4,0,1
BRDA:34,4,1,108
BRDA:43,5,0,101
BRDA:44,6,0,1
BRDA:44,6,1,108
BRDA:52,7,0,95
BRDA:53,8,0,1
BRDA:53,8,1,1
BRDA:53,8,2,107
BRDA:63,9,0,108
BRDA:64,10,0,1
BRDA:64,10,1,108
BRDA:72,11,0,98
BRDA:73,12,0,1
BRDA:73,12,1,108
BRDA:81,13,0,100
BRDA:82,14,0,1
BRDA:82,14,1,1
BRDA:82,14,2,107
BRDA:92,15,0,99
BRDA:93,16,0,1
BRDA:93,16,1,108
BRDA:101,17,0,105
BRDA:102,18,0,1
BRDA:102,18,1,108
BRDA:110,19,0,105
BRDA:111,20,0,1
BRDA:111,20,1,108
BRDA:119,21,0,99
BRDA:120,22,0,1
BRDA:120,22,1,108
BRDA:128,23,0,106
BRDA:129,24,0,1
BRDA:129,24,1,108
BRF:43
BRH:43
end_of_record
TN:
SF:/Users/luilucena/Documents/React-Project/frontend-test-master/src/store/index.js
FNF:0
FNH:0
LF:0
LH:0
BRF:0
BRH:0
end_of_record
